06-18 18:40:35 com_github_MitjaNemec_ReplicateLayout.action_replicate_layout 392:Plugin executed on: 'win32'
06-18 18:40:35 com_github_MitjaNemec_ReplicateLayout.action_replicate_layout 393:Plugin executed with python version: '3.11.5 (main, Apr  9 2024, 02:53:56) [MSC v.1936 64 bit (AMD64)]'
06-18 18:40:35 com_github_MitjaNemec_ReplicateLayout.action_replicate_layout 394:KiCad build version: 8.0.2
06-18 18:40:35 com_github_MitjaNemec_ReplicateLayout.action_replicate_layout 395:Plugin version: 3.0.3
06-18 18:40:35 com_github_MitjaNemec_ReplicateLayout.action_replicate_layout 396:Frame repr: <wx._core.Frame object at 0x0000014D99510D30>
06-18 18:40:35 com_github_MitjaNemec_ReplicateLayout.action_replicate_layout 420:Preparing replicator with U8 as a reference
06-18 18:40:35 com_github_MitjaNemec_ReplicateLayout.replicate_layout 117:getting a list of all footprints on board
06-18 18:40:35 com_github_MitjaNemec_ReplicateLayout.action_replicate_layout 468:source anchor footprint is 'U8'
Located on: ['xESC']
With filenames: ['xESC.kicad_sch']
With sheet_id:['xESC']
06-18 18:40:35 com_github_MitjaNemec_ReplicateLayout.action_replicate_layout 475:Corresponding footprints are 
[('U10', ['xESC2']), ('U9', ['xESC1']), ('U8', ['xESC'])]
06-18 18:40:35 com_github_MitjaNemec_ReplicateLayout.action_replicate_layout 487:Showing dialog
06-18 18:40:35 com_github_MitjaNemec_ReplicateLayout.replicate_layout 472:constructing a list of sheets suitable for replication on level:'xESC', file:'xESC.kicad_sch'
06-18 18:40:35 com_github_MitjaNemec_ReplicateLayout.replicate_layout 509:suitable sheets are:[['xESC1'], ['xESC2']]
06-18 18:40:35 com_github_MitjaNemec_ReplicateLayout.replicate_layout 1507:Level selected: ['xESC']
06-18 18:40:35 com_github_MitjaNemec_ReplicateLayout.replicate_layout 1331:Filtering list of tracks
06-18 18:40:36 com_github_MitjaNemec_ReplicateLayout.action_replicate_layout 493:Toolbar position: wx.Point(2526, 77)
06-18 18:40:36 com_github_MitjaNemec_ReplicateLayout.action_replicate_layout 498:Dialog position: wx.Point(2087, 77)
06-18 18:40:45 com_github_MitjaNemec_ReplicateLayout.replicate_layout 472:constructing a list of sheets suitable for replication on level:'xESC', file:'xESC.kicad_sch'
06-18 18:40:45 com_github_MitjaNemec_ReplicateLayout.replicate_layout 509:suitable sheets are:[['xESC1'], ['xESC2']]
06-18 18:40:45 com_github_MitjaNemec_ReplicateLayout.replicate_layout 1507:Level selected: ['xESC']
06-18 18:40:45 com_github_MitjaNemec_ReplicateLayout.replicate_layout 1331:Filtering list of tracks
06-18 18:41:14 com_github_MitjaNemec_ReplicateLayout.replicate_layout 472:constructing a list of sheets suitable for replication on level:'xESC', file:'xESC.kicad_sch'
06-18 18:41:14 com_github_MitjaNemec_ReplicateLayout.replicate_layout 509:suitable sheets are:[['xESC1'], ['xESC2']]
06-18 18:41:14 com_github_MitjaNemec_ReplicateLayout.action_replicate_layout 240:Replicating layout
06-18 18:41:14 com_github_MitjaNemec_ReplicateLayout.replicate_layout 288:Starting replication of sheets: [['xESC1'], ['xESC2']]
on level: ['xESC']
with tracks=True, zone=True, text=True, text=True, intersecting=True, remove=True, locked footprints=False, group_only=False
06-18 18:41:14 root 332:updating GUI message: 'Preparing for replication'
06-18 18:41:14 root 337:updating GUI with: 0
06-18 18:41:14 com_github_MitjaNemec_ReplicateLayout.replicate_layout 358:Getting the list of source footprints
06-18 18:41:14 com_github_MitjaNemec_ReplicateLayout.replicate_layout 368:Getting the list of all the remaining footprints
06-18 18:41:14 com_github_MitjaNemec_ReplicateLayout.replicate_layout 375:Getting source tracks
06-18 18:41:14 com_github_MitjaNemec_ReplicateLayout.replicate_layout 1331:Filtering list of tracks
06-18 18:41:14 com_github_MitjaNemec_ReplicateLayout.replicate_layout 379:Getting source zones
06-18 18:41:14 root 337:updating GUI with: 50
06-18 18:41:14 com_github_MitjaNemec_ReplicateLayout.replicate_layout 383:Getting source text items
06-18 18:41:14 com_github_MitjaNemec_ReplicateLayout.replicate_layout 387:Getting source drawing items
06-18 18:41:14 com_github_MitjaNemec_ReplicateLayout.replicate_layout 320:Removing tracks and zones, before footprint placement
06-18 18:41:14 root 332:updating GUI message: 'Removing zones and tracks'
06-18 18:41:14 root 337:updating GUI with: 0
06-18 18:41:14 com_github_MitjaNemec_ReplicateLayout.replicate_layout 1277:Remove bounding box top:26680000, bottom:119125001, Left:81650000, Right:116635000
06-18 18:41:14 root 337:updating GUI with: 50
06-18 18:41:14 com_github_MitjaNemec_ReplicateLayout.replicate_layout 1277:Remove bounding box top:26625000, bottom:119070001, Left:118655000, Right:153640000
06-18 18:41:14 root 332:updating GUI message: 'Replicating footprints'
06-18 18:41:14 root 337:updating GUI with: 0
06-18 18:41:14 com_github_MitjaNemec_ReplicateLayout.replicate_layout 861:Replicating footprints
06-18 18:41:14 com_github_MitjaNemec_ReplicateLayout.replicate_layout 868:Replicating footprints on sheet ['xESC1']
06-18 18:41:14 com_github_MitjaNemec_ReplicateLayout.replicate_layout 985:Src text UUid:c4648281-559f-471a-9cac-6887e1cc3d57
06-18 18:41:14 com_github_MitjaNemec_ReplicateLayout.replicate_layout 986:Dst text UUid:6f69894a-1d4e-4c36-9d39-1e5f26f82f93
06-18 18:41:14 com_github_MitjaNemec_ReplicateLayout.replicate_layout 985:Src text UUid:f3b30bf7-58b2-4d1a-a69e-1daf12f5e0b6
06-18 18:41:14 com_github_MitjaNemec_ReplicateLayout.replicate_layout 986:Dst text UUid:021ef05c-9e41-4c92-8ced-ebe7ab1fb37e
06-18 18:41:14 com_github_MitjaNemec_ReplicateLayout.replicate_layout 985:Src text UUid:2e504626-1f35-4f95-bb4d-63af376bd242
06-18 18:41:14 com_github_MitjaNemec_ReplicateLayout.replicate_layout 986:Dst text UUid:0346a1ef-c3a1-40cd-a5d7-b28850996149
06-18 18:41:14 com_github_MitjaNemec_ReplicateLayout.replicate_layout 985:Src text UUid:19e62110-3dec-4d4e-b3e2-1a698a0a827d
06-18 18:41:14 com_github_MitjaNemec_ReplicateLayout.replicate_layout 986:Dst text UUid:005eeb60-95d3-44a0-9146-a32b04b2e43b
06-18 18:41:14 com_github_MitjaNemec_ReplicateLayout.replicate_layout 985:Src text UUid:72500d67-a57d-4f8c-b305-fbef15135fc7
06-18 18:41:14 com_github_MitjaNemec_ReplicateLayout.replicate_layout 986:Dst text UUid:a45bdf93-11ad-4736-baff-8aedeea7c297
06-18 18:41:14 com_github_MitjaNemec_ReplicateLayout.replicate_layout 985:Src text UUid:1c3abdcc-18e0-4e50-9db5-a6e7acf4095a
06-18 18:41:14 com_github_MitjaNemec_ReplicateLayout.replicate_layout 986:Dst text UUid:1d490012-e8e0-4714-acf9-236a26ef7a8f
06-18 18:41:14 com_github_MitjaNemec_ReplicateLayout.replicate_layout 985:Src text UUid:5d0cae2a-deef-434a-bdac-50d97a3b390e
06-18 18:41:14 com_github_MitjaNemec_ReplicateLayout.replicate_layout 986:Dst text UUid:6becdb92-a3ee-4fa9-ab7a-09b4d05c94a2
06-18 18:41:14 com_github_MitjaNemec_ReplicateLayout.replicate_layout 985:Src text UUid:3643627e-37fe-40e6-9d05-f09934f1a6a4
06-18 18:41:14 com_github_MitjaNemec_ReplicateLayout.replicate_layout 986:Dst text UUid:aea7eced-458c-4bcd-b9b9-528d94ce354e
06-18 18:41:14 com_github_MitjaNemec_ReplicateLayout.replicate_layout 985:Src text UUid:6c532b87-716d-465a-ad89-d0292cca6016
06-18 18:41:14 com_github_MitjaNemec_ReplicateLayout.replicate_layout 986:Dst text UUid:58e89564-e43f-4266-8cd3-5b68ee198f22
06-18 18:41:14 com_github_MitjaNemec_ReplicateLayout.replicate_layout 985:Src text UUid:00551513-a946-46a4-a301-2a83087e645e
06-18 18:41:14 com_github_MitjaNemec_ReplicateLayout.replicate_layout 986:Dst text UUid:1227bcbd-4906-4fae-935c-e65d1dbc8dc9
06-18 18:41:14 com_github_MitjaNemec_ReplicateLayout.replicate_layout 985:Src text UUid:f5f95144-33e0-4c47-b13c-87440f08f82a
06-18 18:41:14 com_github_MitjaNemec_ReplicateLayout.replicate_layout 986:Dst text UUid:44ba87d8-41de-4c70-bd84-fec2059c9b9b
06-18 18:41:14 com_github_MitjaNemec_ReplicateLayout.replicate_layout 985:Src text UUid:0e5238e3-b86b-4404-84cf-3c9430da6340
06-18 18:41:14 com_github_MitjaNemec_ReplicateLayout.replicate_layout 986:Dst text UUid:415f4973-0789-4b29-90c5-c8498b56963e
06-18 18:41:14 com_github_MitjaNemec_ReplicateLayout.replicate_layout 985:Src text UUid:ed602194-085d-4744-91ef-ac29579e6b05
06-18 18:41:14 com_github_MitjaNemec_ReplicateLayout.replicate_layout 986:Dst text UUid:8b20351b-fb0e-4028-b89c-b7313fec9c3d
06-18 18:41:14 com_github_MitjaNemec_ReplicateLayout.replicate_layout 985:Src text UUid:79304e65-a32b-4349-9d6f-029ba2f9a866
06-18 18:41:14 com_github_MitjaNemec_ReplicateLayout.replicate_layout 986:Dst text UUid:7e4edb7b-1780-4a48-b267-d0170ed39bbf
06-18 18:41:14 com_github_MitjaNemec_ReplicateLayout.replicate_layout 985:Src text UUid:8dc032e7-53fe-4027-b4c7-dffc35a2a410
06-18 18:41:14 com_github_MitjaNemec_ReplicateLayout.replicate_layout 986:Dst text UUid:f5c1bbde-0681-4ec4-90af-cdc6abda9bfa
06-18 18:41:14 com_github_MitjaNemec_ReplicateLayout.replicate_layout 985:Src text UUid:37baa41c-f36e-4648-816e-c3147d3c9645
06-18 18:41:14 com_github_MitjaNemec_ReplicateLayout.replicate_layout 986:Dst text UUid:1cdf1332-58d7-4bd5-918d-fda7313bb7f8
06-18 18:41:14 com_github_MitjaNemec_ReplicateLayout.replicate_layout 985:Src text UUid:afe90dc0-878e-4f61-be68-c53a9c08f9cd
06-18 18:41:14 com_github_MitjaNemec_ReplicateLayout.replicate_layout 986:Dst text UUid:920b315e-6a2e-40a0-a970-68ba13910f35
06-18 18:41:14 com_github_MitjaNemec_ReplicateLayout.replicate_layout 985:Src text UUid:ef8022e9-5f02-4e02-88e2-958bd0eea703
06-18 18:41:14 com_github_MitjaNemec_ReplicateLayout.replicate_layout 986:Dst text UUid:432485ac-0ca4-4673-b1eb-55a4fb1a6673
06-18 18:41:14 com_github_MitjaNemec_ReplicateLayout.replicate_layout 985:Src text UUid:71de56ac-589d-4b1b-bf67-93db92dd053d
06-18 18:41:14 com_github_MitjaNemec_ReplicateLayout.replicate_layout 986:Dst text UUid:92abc8a8-0c81-479b-836e-973a2cf6df66
06-18 18:41:14 com_github_MitjaNemec_ReplicateLayout.replicate_layout 985:Src text UUid:39162c6e-6ec0-46be-ad05-b99b1bab6da7
06-18 18:41:14 com_github_MitjaNemec_ReplicateLayout.replicate_layout 986:Dst text UUid:1607b088-fa90-4d3e-b5d0-73ac09ab1e53
06-18 18:41:14 com_github_MitjaNemec_ReplicateLayout.replicate_layout 985:Src text UUid:b685747e-d66c-4c62-b958-7e7b87127cd6
06-18 18:41:14 com_github_MitjaNemec_ReplicateLayout.replicate_layout 986:Dst text UUid:a671616c-bd7c-4dc4-ae55-40ad6c736df7
06-18 18:41:14 com_github_MitjaNemec_ReplicateLayout.replicate_layout 985:Src text UUid:b6a09b20-7557-41f1-b37a-e232de14c24a
06-18 18:41:14 com_github_MitjaNemec_ReplicateLayout.replicate_layout 986:Dst text UUid:cd939504-2205-4c01-97ab-f8fd1ef969f9
06-18 18:41:14 com_github_MitjaNemec_ReplicateLayout.replicate_layout 985:Src text UUid:2cff9131-2b40-442f-9b3f-5c357d4e2a24
06-18 18:41:14 com_github_MitjaNemec_ReplicateLayout.replicate_layout 986:Dst text UUid:8fc6f8f8-556a-482d-a936-e528b039b645
06-18 18:41:14 com_github_MitjaNemec_ReplicateLayout.replicate_layout 985:Src text UUid:5d8c9f42-4c62-40bc-80eb-b123cb54fe48
06-18 18:41:14 com_github_MitjaNemec_ReplicateLayout.replicate_layout 986:Dst text UUid:86c93d8f-5379-4200-8097-4ed54652f5a0
06-18 18:41:14 com_github_MitjaNemec_ReplicateLayout.replicate_layout 985:Src text UUid:ae166bae-e21a-41b6-8a68-c0b4d2ecc474
06-18 18:41:14 com_github_MitjaNemec_ReplicateLayout.replicate_layout 986:Dst text UUid:42d2885a-5823-404a-8a37-97980f39240e
06-18 18:41:14 com_github_MitjaNemec_ReplicateLayout.replicate_layout 985:Src text UUid:321fd274-3ee9-484c-8260-482ca90a7084
06-18 18:41:14 com_github_MitjaNemec_ReplicateLayout.replicate_layout 986:Dst text UUid:f39b9256-ca86-49b3-9776-a3215bf636b6
06-18 18:41:14 com_github_MitjaNemec_ReplicateLayout.replicate_layout 985:Src text UUid:5b1b31f9-a933-42d1-af61-6944e7883dc4
06-18 18:41:14 com_github_MitjaNemec_ReplicateLayout.replicate_layout 986:Dst text UUid:28d413c0-445b-474b-ac97-8423be3bbf98
06-18 18:41:14 root 337:updating GUI with: 10
06-18 18:41:14 com_github_MitjaNemec_ReplicateLayout.replicate_layout 985:Src text UUid:1a871184-3d4a-4eba-9bdb-12c2d718b38c
06-18 18:41:14 com_github_MitjaNemec_ReplicateLayout.replicate_layout 986:Dst text UUid:a00f565c-e4cb-4890-a775-091a134bce90
06-18 18:41:14 com_github_MitjaNemec_ReplicateLayout.replicate_layout 985:Src text UUid:19471432-18d4-447e-a9b0-d757571de2d7
06-18 18:41:14 com_github_MitjaNemec_ReplicateLayout.replicate_layout 986:Dst text UUid:d74bdcc3-4b5a-4474-bd55-f2493197c5b4
06-18 18:41:14 com_github_MitjaNemec_ReplicateLayout.replicate_layout 985:Src text UUid:5a2101f8-cc0a-4dab-9373-a0c1f75fb3fa
06-18 18:41:14 com_github_MitjaNemec_ReplicateLayout.replicate_layout 986:Dst text UUid:414c4774-71f2-43ff-8388-33d3a7b58def
06-18 18:41:14 com_github_MitjaNemec_ReplicateLayout.replicate_layout 985:Src text UUid:8286bd46-e2d4-4e84-809b-062cee2295bd
06-18 18:41:14 com_github_MitjaNemec_ReplicateLayout.replicate_layout 986:Dst text UUid:68c23d77-c9cd-4819-a175-e065df381d76
06-18 18:41:14 com_github_MitjaNemec_ReplicateLayout.replicate_layout 985:Src text UUid:a83aa751-3fab-423f-b8a9-e31851677ea5
06-18 18:41:14 com_github_MitjaNemec_ReplicateLayout.replicate_layout 986:Dst text UUid:68bd8453-05c0-4929-9a44-c76873630e04
06-18 18:41:14 com_github_MitjaNemec_ReplicateLayout.replicate_layout 985:Src text UUid:4a812c7b-67c4-4b90-89c9-bcdd148518dd
06-18 18:41:14 com_github_MitjaNemec_ReplicateLayout.replicate_layout 986:Dst text UUid:36824f23-5502-4080-b414-83f08b773dda
06-18 18:41:14 com_github_MitjaNemec_ReplicateLayout.replicate_layout 985:Src text UUid:18a875a2-e0fc-4b79-ba16-dfe6b22c30c2
06-18 18:41:14 com_github_MitjaNemec_ReplicateLayout.replicate_layout 986:Dst text UUid:458916ff-43e4-4a66-ae65-fffaf106ccdc
06-18 18:41:14 com_github_MitjaNemec_ReplicateLayout.replicate_layout 985:Src text UUid:ea260266-0246-42ae-8c63-39ed2f375117
06-18 18:41:14 com_github_MitjaNemec_ReplicateLayout.replicate_layout 986:Dst text UUid:973787d4-b50b-4af0-a457-2178ae047b3c
06-18 18:41:14 com_github_MitjaNemec_ReplicateLayout.replicate_layout 985:Src text UUid:15cabb59-bec2-4137-a272-8ee278519fbe
06-18 18:41:14 com_github_MitjaNemec_ReplicateLayout.replicate_layout 986:Dst text UUid:29efd42c-bd06-45dc-b6df-70d064a835e5
06-18 18:41:14 com_github_MitjaNemec_ReplicateLayout.replicate_layout 985:Src text UUid:dde46b3a-9414-4aa6-819b-db959d7bd59f
06-18 18:41:14 com_github_MitjaNemec_ReplicateLayout.replicate_layout 986:Dst text UUid:17cd1d22-7b7e-44c9-b13d-e23132b0fdf4
06-18 18:41:14 com_github_MitjaNemec_ReplicateLayout.replicate_layout 985:Src text UUid:c8d10a8f-89c0-4d5f-9d86-00f7059c1ac6
06-18 18:41:14 com_github_MitjaNemec_ReplicateLayout.replicate_layout 986:Dst text UUid:669497bd-9126-4db8-a2f0-32d34b27e04f
06-18 18:41:14 com_github_MitjaNemec_ReplicateLayout.replicate_layout 985:Src text UUid:5c1d2b14-3fff-408e-ab9a-947488fa7a17
06-18 18:41:14 com_github_MitjaNemec_ReplicateLayout.replicate_layout 986:Dst text UUid:eff15da6-922d-46e6-bc76-a0318b65df38
06-18 18:41:14 com_github_MitjaNemec_ReplicateLayout.replicate_layout 985:Src text UUid:ffc4a674-5565-44b7-b4a6-cd6f0f0c428e
06-18 18:41:14 com_github_MitjaNemec_ReplicateLayout.replicate_layout 986:Dst text UUid:876e7e9a-cd5a-4cc4-841b-eaa35e273603
06-18 18:41:14 com_github_MitjaNemec_ReplicateLayout.replicate_layout 985:Src text UUid:c4b57043-49b6-40ff-abc9-1fadbfc4dcf0
06-18 18:41:14 com_github_MitjaNemec_ReplicateLayout.replicate_layout 986:Dst text UUid:aff02d4e-d433-4198-803d-fc22d76d094e
06-18 18:41:14 com_github_MitjaNemec_ReplicateLayout.replicate_layout 985:Src text UUid:065f6df5-9edf-4e1e-b20d-d2882af5ef8b
06-18 18:41:14 com_github_MitjaNemec_ReplicateLayout.replicate_layout 986:Dst text UUid:fe7cb72a-41ae-45a6-8457-51768016a6ad
06-18 18:41:14 com_github_MitjaNemec_ReplicateLayout.replicate_layout 985:Src text UUid:bf426c47-1ea5-4288-b32e-a3f8b25368b6
06-18 18:41:14 com_github_MitjaNemec_ReplicateLayout.replicate_layout 986:Dst text UUid:e944330c-3198-483c-a739-1e6bf16a75b3
06-18 18:41:14 com_github_MitjaNemec_ReplicateLayout.replicate_layout 985:Src text UUid:aabddc6e-5a58-48e6-a0a1-cf03ea8c03ef
06-18 18:41:14 com_github_MitjaNemec_ReplicateLayout.replicate_layout 986:Dst text UUid:a2e7b70c-f81d-4d8d-a3fe-eda35649ce3e
06-18 18:41:14 com_github_MitjaNemec_ReplicateLayout.replicate_layout 985:Src text UUid:9f392c9c-6ce1-417b-ae74-2637ba535351
06-18 18:41:14 com_github_MitjaNemec_ReplicateLayout.replicate_layout 986:Dst text UUid:58f932f8-9fff-4500-944e-c5a8126cf7ee
06-18 18:41:14 com_github_MitjaNemec_ReplicateLayout.replicate_layout 985:Src text UUid:67319657-8ca9-4dec-ae4d-c82497fa5d7e
06-18 18:41:14 com_github_MitjaNemec_ReplicateLayout.replicate_layout 986:Dst text UUid:d29b7c76-97fa-4747-801e-23b4e8252d0d
06-18 18:41:14 com_github_MitjaNemec_ReplicateLayout.replicate_layout 985:Src text UUid:9a77f0c8-6961-43fa-aa1f-969972030356
06-18 18:41:14 com_github_MitjaNemec_ReplicateLayout.replicate_layout 986:Dst text UUid:4517a38a-9e69-49b1-9cac-d56f7d78113d
06-18 18:41:14 com_github_MitjaNemec_ReplicateLayout.replicate_layout 985:Src text UUid:32d1b5e5-64b6-4743-9d9a-2ba7376fa756
06-18 18:41:14 com_github_MitjaNemec_ReplicateLayout.replicate_layout 986:Dst text UUid:218a9f68-a16c-4743-9ebf-5b695099218b
06-18 18:41:14 com_github_MitjaNemec_ReplicateLayout.replicate_layout 985:Src text UUid:2716d7cb-4662-45e6-825a-da67e445f5c8
06-18 18:41:14 com_github_MitjaNemec_ReplicateLayout.replicate_layout 986:Dst text UUid:d185c184-9b9c-495a-bd25-bee894fa4440
06-18 18:41:14 com_github_MitjaNemec_ReplicateLayout.replicate_layout 985:Src text UUid:de52c320-1005-463c-9f82-7764b3a31b83
06-18 18:41:14 com_github_MitjaNemec_ReplicateLayout.replicate_layout 986:Dst text UUid:7b049071-838d-4f05-8559-8f95a0c66842
06-18 18:41:14 com_github_MitjaNemec_ReplicateLayout.replicate_layout 985:Src text UUid:f20b9596-1aac-4003-960f-c16b369b8d27
06-18 18:41:14 com_github_MitjaNemec_ReplicateLayout.replicate_layout 986:Dst text UUid:93972c93-f076-4c17-a72f-9c2c995153e1
06-18 18:41:14 com_github_MitjaNemec_ReplicateLayout.replicate_layout 985:Src text UUid:9c30d553-d549-4da3-9449-7a380364e711
06-18 18:41:14 com_github_MitjaNemec_ReplicateLayout.replicate_layout 986:Dst text UUid:d3456966-6024-47e1-bd2e-a604c53fb90b
06-18 18:41:14 com_github_MitjaNemec_ReplicateLayout.replicate_layout 985:Src text UUid:56e8211d-bb26-4314-8ec6-076e6f1ebf72
06-18 18:41:14 com_github_MitjaNemec_ReplicateLayout.replicate_layout 986:Dst text UUid:4f97b8d2-5b36-4242-8c33-152433e2ee21
06-18 18:41:14 com_github_MitjaNemec_ReplicateLayout.replicate_layout 985:Src text UUid:6b172908-5ed1-4521-800f-200bded1ea9d
06-18 18:41:14 com_github_MitjaNemec_ReplicateLayout.replicate_layout 986:Dst text UUid:e4a52fd6-e4e7-49dc-9499-34ed1ca5961b
06-18 18:41:14 com_github_MitjaNemec_ReplicateLayout.replicate_layout 985:Src text UUid:3bab13b5-5dea-44f0-9d66-cfdb53810805
06-18 18:41:14 com_github_MitjaNemec_ReplicateLayout.replicate_layout 986:Dst text UUid:d67ecacc-8dd2-46f4-b688-87ee4bb25f6a
06-18 18:41:14 com_github_MitjaNemec_ReplicateLayout.replicate_layout 985:Src text UUid:76b61d33-7c9b-40c8-bbfd-289c3553c2d7
06-18 18:41:14 com_github_MitjaNemec_ReplicateLayout.replicate_layout 986:Dst text UUid:f27d17d2-680d-4a29-913e-7433eb6ed501
06-18 18:41:14 com_github_MitjaNemec_ReplicateLayout.replicate_layout 985:Src text UUid:ad0375b0-b8ec-4a0b-8ac7-bcf9a8ceb7b8
06-18 18:41:14 com_github_MitjaNemec_ReplicateLayout.replicate_layout 986:Dst text UUid:c679d9b7-dac3-4e25-8768-ed14aea68a79
06-18 18:41:14 com_github_MitjaNemec_ReplicateLayout.replicate_layout 985:Src text UUid:e8e5fb64-c33c-4eae-8986-71e5fe6d9652
06-18 18:41:14 com_github_MitjaNemec_ReplicateLayout.replicate_layout 986:Dst text UUid:52debe5f-a477-4506-ad1e-270f138bc089
06-18 18:41:14 com_github_MitjaNemec_ReplicateLayout.replicate_layout 985:Src text UUid:93ec2216-8a38-45ed-bb01-b74f42b9626b
06-18 18:41:14 com_github_MitjaNemec_ReplicateLayout.replicate_layout 986:Dst text UUid:55b07630-bf02-4f12-a441-86b07fbfc970
06-18 18:41:14 com_github_MitjaNemec_ReplicateLayout.replicate_layout 985:Src text UUid:a12192d9-19c9-4f64-a639-08fdc1609fa8
06-18 18:41:14 com_github_MitjaNemec_ReplicateLayout.replicate_layout 986:Dst text UUid:4dca4852-d1d1-41ca-9158-0a54aebbe72c
06-18 18:41:14 com_github_MitjaNemec_ReplicateLayout.replicate_layout 985:Src text UUid:e5af56c8-5bd3-4ffa-b07f-6b8c76f136e7
06-18 18:41:14 com_github_MitjaNemec_ReplicateLayout.replicate_layout 986:Dst text UUid:3b0a718b-181b-49ab-881a-351f629d4fde
06-18 18:41:14 com_github_MitjaNemec_ReplicateLayout.replicate_layout 985:Src text UUid:1f3b1062-5d98-4097-b48c-6d8a70b75c62
06-18 18:41:14 com_github_MitjaNemec_ReplicateLayout.replicate_layout 986:Dst text UUid:7798dd23-66a0-4a90-bdf1-c6aa34e905a2
06-18 18:41:14 com_github_MitjaNemec_ReplicateLayout.replicate_layout 985:Src text UUid:49082458-11cc-40c9-88ca-b47ec199c707
06-18 18:41:14 com_github_MitjaNemec_ReplicateLayout.replicate_layout 986:Dst text UUid:270fbdd4-c84f-4671-b2ee-03f8a54462e2
06-18 18:41:14 com_github_MitjaNemec_ReplicateLayout.replicate_layout 985:Src text UUid:742f3c4b-d989-46e8-9b30-aafe70dfe4f4
06-18 18:41:14 com_github_MitjaNemec_ReplicateLayout.replicate_layout 986:Dst text UUid:ee1ec958-0750-4cf4-82c1-9c69def93db7
06-18 18:41:14 com_github_MitjaNemec_ReplicateLayout.replicate_layout 985:Src text UUid:799bb809-9723-4357-ae4b-ea2a690920b4
06-18 18:41:14 com_github_MitjaNemec_ReplicateLayout.replicate_layout 986:Dst text UUid:f9d80d7f-9312-41d1-8e90-dad2221dabcb
06-18 18:41:14 com_github_MitjaNemec_ReplicateLayout.replicate_layout 985:Src text UUid:35de7c75-9521-45e3-80d7-7f64e70dd33b
06-18 18:41:14 com_github_MitjaNemec_ReplicateLayout.replicate_layout 986:Dst text UUid:ab24ea9f-1a38-4a3c-925e-3fafe66b1ccb
06-18 18:41:14 com_github_MitjaNemec_ReplicateLayout.replicate_layout 985:Src text UUid:f1662d84-483e-40cb-9864-5d2dcdda5c37
06-18 18:41:14 com_github_MitjaNemec_ReplicateLayout.replicate_layout 986:Dst text UUid:c3e84220-2dd0-4aca-8968-7b1505a31bd3
06-18 18:41:14 com_github_MitjaNemec_ReplicateLayout.replicate_layout 985:Src text UUid:0f680510-9be7-4788-8b74-18573945c82b
06-18 18:41:14 com_github_MitjaNemec_ReplicateLayout.replicate_layout 986:Dst text UUid:028fafae-d6ec-4082-97fd-3450ccd1a339
06-18 18:41:14 com_github_MitjaNemec_ReplicateLayout.replicate_layout 985:Src text UUid:ab1217bb-1355-40bb-8685-b0f4907ae73c
06-18 18:41:14 com_github_MitjaNemec_ReplicateLayout.replicate_layout 986:Dst text UUid:74cb8555-5254-464a-999a-631378fbecd9
06-18 18:41:14 com_github_MitjaNemec_ReplicateLayout.replicate_layout 985:Src text UUid:79898145-29fa-4861-94b9-2b3e9f355e4d
06-18 18:41:14 com_github_MitjaNemec_ReplicateLayout.replicate_layout 986:Dst text UUid:ec6df621-3f09-4c3c-ab8e-f710c257fd47
06-18 18:41:14 com_github_MitjaNemec_ReplicateLayout.replicate_layout 985:Src text UUid:45467297-7782-4f18-b080-da1b79ceacbe
06-18 18:41:14 com_github_MitjaNemec_ReplicateLayout.replicate_layout 986:Dst text UUid:19d4eb69-200c-414d-83a3-8a8c17c539fb
06-18 18:41:14 com_github_MitjaNemec_ReplicateLayout.replicate_layout 985:Src text UUid:10dedd9f-8745-4e04-95fc-1888c89acabe
06-18 18:41:14 com_github_MitjaNemec_ReplicateLayout.replicate_layout 986:Dst text UUid:cf641bea-8e21-4b2b-8d96-65166890d392
06-18 18:41:14 com_github_MitjaNemec_ReplicateLayout.replicate_layout 985:Src text UUid:886c1bdf-5dc0-4667-81bd-728aed0e87ed
06-18 18:41:14 com_github_MitjaNemec_ReplicateLayout.replicate_layout 986:Dst text UUid:03510ce3-7bd1-4155-8df0-0da4255800d8
06-18 18:41:14 com_github_MitjaNemec_ReplicateLayout.replicate_layout 985:Src text UUid:4eada0b9-aa8e-4005-8c14-bc1f9371cfe2
06-18 18:41:14 com_github_MitjaNemec_ReplicateLayout.replicate_layout 986:Dst text UUid:e8f2c12f-2c63-4fa5-b459-5bcfd9c42ba5
06-18 18:41:14 com_github_MitjaNemec_ReplicateLayout.replicate_layout 985:Src text UUid:f32170fb-ee5e-4eb0-9bc1-0584c5181d44
06-18 18:41:14 com_github_MitjaNemec_ReplicateLayout.replicate_layout 986:Dst text UUid:56645e52-3853-4608-ba79-3c565642453b
06-18 18:41:14 com_github_MitjaNemec_ReplicateLayout.replicate_layout 985:Src text UUid:c8d0e711-5181-4faa-a304-aafb1ab6b38d
06-18 18:41:14 com_github_MitjaNemec_ReplicateLayout.replicate_layout 986:Dst text UUid:6c879a79-1785-496d-afd7-345be64b2602
06-18 18:41:14 com_github_MitjaNemec_ReplicateLayout.replicate_layout 985:Src text UUid:dc6ea16e-33ef-49f9-9136-06c41960a9e2
06-18 18:41:14 com_github_MitjaNemec_ReplicateLayout.replicate_layout 986:Dst text UUid:74f6294a-5ef5-4412-ae03-502a45a9136d
06-18 18:41:14 com_github_MitjaNemec_ReplicateLayout.replicate_layout 985:Src text UUid:f73ddbd7-9424-41bc-97dd-efb382566340
06-18 18:41:14 com_github_MitjaNemec_ReplicateLayout.replicate_layout 986:Dst text UUid:c4b84440-721d-4f18-b8dc-cd9957c27b83
06-18 18:41:14 com_github_MitjaNemec_ReplicateLayout.replicate_layout 985:Src text UUid:423d8f3c-8150-4d22-b49f-153db2fb3ad5
06-18 18:41:14 com_github_MitjaNemec_ReplicateLayout.replicate_layout 986:Dst text UUid:d5cb7596-ebe9-457c-b7a1-e7c921ae9000
06-18 18:41:14 com_github_MitjaNemec_ReplicateLayout.replicate_layout 985:Src text UUid:1d3d104a-10d0-40c5-810e-53adf1a34423
06-18 18:41:14 com_github_MitjaNemec_ReplicateLayout.replicate_layout 986:Dst text UUid:9173155e-1d36-4955-9982-1996b42dabf6
06-18 18:41:14 com_github_MitjaNemec_ReplicateLayout.replicate_layout 985:Src text UUid:0087fcba-3e7f-4980-b293-e25d50c9ca5f
06-18 18:41:14 com_github_MitjaNemec_ReplicateLayout.replicate_layout 986:Dst text UUid:ed0281ef-08e9-4193-85ce-e92f92d11e36
06-18 18:41:14 com_github_MitjaNemec_ReplicateLayout.replicate_layout 985:Src text UUid:e45d124d-089e-4034-b40e-f14f710d8aa1
06-18 18:41:14 com_github_MitjaNemec_ReplicateLayout.replicate_layout 986:Dst text UUid:7f888b5b-8c04-45b3-9780-3bef966924db
06-18 18:41:14 com_github_MitjaNemec_ReplicateLayout.replicate_layout 985:Src text UUid:e0662c03-af1d-4639-a058-5f456242ef89
06-18 18:41:14 com_github_MitjaNemec_ReplicateLayout.replicate_layout 986:Dst text UUid:253575b8-6ac0-4707-9867-a8ecd0d945a1
06-18 18:41:14 com_github_MitjaNemec_ReplicateLayout.replicate_layout 985:Src text UUid:cd32977c-6233-4c8a-b80f-d70f201e6c37
06-18 18:41:14 com_github_MitjaNemec_ReplicateLayout.replicate_layout 986:Dst text UUid:eee1c538-2050-4bdf-bf45-fe603577f9f5
06-18 18:41:14 com_github_MitjaNemec_ReplicateLayout.replicate_layout 985:Src text UUid:c045cc4a-954d-4917-b860-df8f0004c05c
06-18 18:41:14 com_github_MitjaNemec_ReplicateLayout.replicate_layout 986:Dst text UUid:af465bbf-6e10-474a-8a46-f2980c744e4d
06-18 18:41:14 com_github_MitjaNemec_ReplicateLayout.replicate_layout 985:Src text UUid:4b1d8074-e4e6-450c-958b-2e610e34ecd9
06-18 18:41:14 com_github_MitjaNemec_ReplicateLayout.replicate_layout 986:Dst text UUid:05ab57b4-3e45-4eaa-a760-d7b986380fc6
06-18 18:41:14 com_github_MitjaNemec_ReplicateLayout.replicate_layout 985:Src text UUid:54377766-ab5e-4d50-87af-586b32411450
06-18 18:41:14 com_github_MitjaNemec_ReplicateLayout.replicate_layout 986:Dst text UUid:131f23c4-290b-4ba4-85fa-cc8fa950771e
06-18 18:41:14 com_github_MitjaNemec_ReplicateLayout.replicate_layout 985:Src text UUid:bd0784d4-68d7-403b-ae2f-84bce0860313
06-18 18:41:14 com_github_MitjaNemec_ReplicateLayout.replicate_layout 986:Dst text UUid:6914f4a2-d932-4fe7-b8a9-3deb8cce4268
06-18 18:41:14 com_github_MitjaNemec_ReplicateLayout.replicate_layout 985:Src text UUid:1692e41c-0256-486f-bc42-98f23f10ed03
06-18 18:41:14 com_github_MitjaNemec_ReplicateLayout.replicate_layout 986:Dst text UUid:1d308187-554f-4792-8c66-4688ebc887de
06-18 18:41:14 com_github_MitjaNemec_ReplicateLayout.replicate_layout 985:Src text UUid:aa36aa2d-12e4-449a-b2e6-4d9e05cec9d6
06-18 18:41:14 com_github_MitjaNemec_ReplicateLayout.replicate_layout 986:Dst text UUid:e47ca7ad-859e-47ce-a407-e54be74a6ca8
06-18 18:41:14 com_github_MitjaNemec_ReplicateLayout.replicate_layout 985:Src text UUid:efa3919b-1c7c-4da4-9306-a2547c18e382
06-18 18:41:14 com_github_MitjaNemec_ReplicateLayout.replicate_layout 986:Dst text UUid:e04e2707-feb1-4f43-b9e1-2680299adfb7
06-18 18:41:14 com_github_MitjaNemec_ReplicateLayout.replicate_layout 985:Src text UUid:a736048e-a0bd-441e-b0bb-b75ac6db6bb5
06-18 18:41:14 com_github_MitjaNemec_ReplicateLayout.replicate_layout 986:Dst text UUid:124e6c46-b9a2-41fc-9f11-e21a384c1d1f
06-18 18:41:14 root 337:updating GUI with: 33
06-18 18:41:14 com_github_MitjaNemec_ReplicateLayout.replicate_layout 985:Src text UUid:0f800c07-0704-4445-a4f0-f7270d7c87d2
06-18 18:41:14 com_github_MitjaNemec_ReplicateLayout.replicate_layout 986:Dst text UUid:a425a65f-f148-44fd-8e6e-55b3130753e6
06-18 18:41:14 com_github_MitjaNemec_ReplicateLayout.replicate_layout 985:Src text UUid:eb4add15-9e12-4ac8-ac48-b944f78b8715
06-18 18:41:14 com_github_MitjaNemec_ReplicateLayout.replicate_layout 986:Dst text UUid:eebd820e-a53b-44c8-ba44-d44911e3576d
06-18 18:41:14 com_github_MitjaNemec_ReplicateLayout.replicate_layout 985:Src text UUid:204d4288-7c68-47a5-a190-3e8be39317e4
06-18 18:41:14 com_github_MitjaNemec_ReplicateLayout.replicate_layout 986:Dst text UUid:079c4409-a11d-454f-88cd-76f4c7b5f628
06-18 18:41:14 com_github_MitjaNemec_ReplicateLayout.replicate_layout 985:Src text UUid:0f0e4b15-a4b0-496e-a139-1f24bae38d69
06-18 18:41:14 com_github_MitjaNemec_ReplicateLayout.replicate_layout 986:Dst text UUid:ac631653-da09-4c5c-bfd5-c44c8f4efc58
06-18 18:41:14 com_github_MitjaNemec_ReplicateLayout.replicate_layout 985:Src text UUid:ccd2a183-9c36-4142-af87-db78ac299c45
06-18 18:41:14 com_github_MitjaNemec_ReplicateLayout.replicate_layout 986:Dst text UUid:57aa9ef9-dd52-4a8f-8333-583c5c7fb925
06-18 18:41:14 com_github_MitjaNemec_ReplicateLayout.replicate_layout 985:Src text UUid:20222de4-be9a-4ca2-8663-2ab716e10c77
06-18 18:41:14 com_github_MitjaNemec_ReplicateLayout.replicate_layout 986:Dst text UUid:d28bd02d-b3a0-4be6-9982-b589973d749e
06-18 18:41:14 com_github_MitjaNemec_ReplicateLayout.replicate_layout 985:Src text UUid:237a92df-7c2f-4d0c-ae97-83a3350db9c1
06-18 18:41:14 com_github_MitjaNemec_ReplicateLayout.replicate_layout 986:Dst text UUid:36d133d7-19d0-4aa1-809d-faf43a53eaac
06-18 18:41:14 com_github_MitjaNemec_ReplicateLayout.replicate_layout 985:Src text UUid:6ae6df15-b0aa-42ef-b092-0a6e207b33e5
06-18 18:41:14 com_github_MitjaNemec_ReplicateLayout.replicate_layout 986:Dst text UUid:1f9036e3-2fe9-4d78-bab8-b24bb5f4e57a
06-18 18:41:14 com_github_MitjaNemec_ReplicateLayout.replicate_layout 985:Src text UUid:40732657-3a01-4722-8999-b21c45062192
06-18 18:41:14 com_github_MitjaNemec_ReplicateLayout.replicate_layout 986:Dst text UUid:15c84520-276f-463a-a912-009e1d97ccbf
06-18 18:41:14 com_github_MitjaNemec_ReplicateLayout.replicate_layout 985:Src text UUid:d605bbcb-26f8-4508-b228-2b2d6144a656
06-18 18:41:14 com_github_MitjaNemec_ReplicateLayout.replicate_layout 986:Dst text UUid:322306bf-3799-45ae-8534-61076a93fd33
06-18 18:41:14 com_github_MitjaNemec_ReplicateLayout.replicate_layout 985:Src text UUid:429fbff3-5f0b-4fbd-a49b-36c79193973e
06-18 18:41:14 com_github_MitjaNemec_ReplicateLayout.replicate_layout 986:Dst text UUid:179cb1ec-d115-46aa-8937-5748a4a74655
06-18 18:41:14 com_github_MitjaNemec_ReplicateLayout.replicate_layout 985:Src text UUid:a0366011-6c38-42ae-8ec6-000c3b40b8b5
06-18 18:41:14 com_github_MitjaNemec_ReplicateLayout.replicate_layout 986:Dst text UUid:fdaba88f-474e-4056-bf2e-569120bd0422
06-18 18:41:14 com_github_MitjaNemec_ReplicateLayout.replicate_layout 985:Src text UUid:a2a20bd0-814c-49a6-9486-b92e7e9d1980
06-18 18:41:14 com_github_MitjaNemec_ReplicateLayout.replicate_layout 986:Dst text UUid:a49340c2-89f3-4b70-b755-71780d33dfd0
06-18 18:41:14 com_github_MitjaNemec_ReplicateLayout.replicate_layout 985:Src text UUid:9328a16d-0ca9-4021-a33c-e78426a6c98f
06-18 18:41:14 com_github_MitjaNemec_ReplicateLayout.replicate_layout 986:Dst text UUid:64d98e9a-0047-4dbb-898d-0a8a42927160
06-18 18:41:14 com_github_MitjaNemec_ReplicateLayout.replicate_layout 985:Src text UUid:be47c0ac-de14-4771-b6ef-e50a87379ce0
06-18 18:41:14 com_github_MitjaNemec_ReplicateLayout.replicate_layout 986:Dst text UUid:5d438ec1-4d13-4b0e-a41f-2f5a7597179c
06-18 18:41:14 com_github_MitjaNemec_ReplicateLayout.replicate_layout 985:Src text UUid:18777a06-23ca-4c27-af7f-a7ba377db846
06-18 18:41:14 com_github_MitjaNemec_ReplicateLayout.replicate_layout 986:Dst text UUid:2b28fc4f-e3f4-407a-8ebb-5f490928acaa
06-18 18:41:14 com_github_MitjaNemec_ReplicateLayout.replicate_layout 985:Src text UUid:8bed213a-5c12-4015-b8c4-ac573e4c9c51
06-18 18:41:14 com_github_MitjaNemec_ReplicateLayout.replicate_layout 986:Dst text UUid:56b8b793-7adc-4fee-adfc-b9c9bdd32f95
06-18 18:41:14 com_github_MitjaNemec_ReplicateLayout.replicate_layout 985:Src text UUid:46154323-195c-46ef-b557-0c44d1e733fd
06-18 18:41:14 com_github_MitjaNemec_ReplicateLayout.replicate_layout 986:Dst text UUid:02d87750-23ae-4045-a09c-2dbb4b6f7957
06-18 18:41:14 com_github_MitjaNemec_ReplicateLayout.replicate_layout 985:Src text UUid:a7fb9a12-8705-4624-9d89-681520e9a1fa
06-18 18:41:14 com_github_MitjaNemec_ReplicateLayout.replicate_layout 986:Dst text UUid:1b8803a6-f604-4e6b-a0fd-69c4388e95ef
06-18 18:41:14 com_github_MitjaNemec_ReplicateLayout.replicate_layout 985:Src text UUid:fe8bfb00-3ac7-4209-8964-21ef6b84f3ab
06-18 18:41:14 com_github_MitjaNemec_ReplicateLayout.replicate_layout 986:Dst text UUid:3100206c-7293-4b2d-b578-74b05adf69c5
06-18 18:41:14 com_github_MitjaNemec_ReplicateLayout.replicate_layout 985:Src text UUid:2713ead9-85ae-40a9-a19c-a5360f492bc2
06-18 18:41:14 com_github_MitjaNemec_ReplicateLayout.replicate_layout 986:Dst text UUid:c112c44c-9a81-4b31-8094-e483740f262a
06-18 18:41:14 com_github_MitjaNemec_ReplicateLayout.replicate_layout 985:Src text UUid:0ce4ad9b-a0f0-438d-93c6-8ffda060b46c
06-18 18:41:14 com_github_MitjaNemec_ReplicateLayout.replicate_layout 986:Dst text UUid:1f312d3f-4367-4d61-b98f-f7aa56edf41c
06-18 18:41:14 com_github_MitjaNemec_ReplicateLayout.replicate_layout 985:Src text UUid:57296a83-3b1d-465d-b006-7c0b070bce72
06-18 18:41:14 com_github_MitjaNemec_ReplicateLayout.replicate_layout 986:Dst text UUid:63c1e3c7-9e99-43c3-a798-aff49728d2c1
06-18 18:41:14 com_github_MitjaNemec_ReplicateLayout.replicate_layout 985:Src text UUid:572ba773-68eb-4f94-8703-56195f4c8e27
06-18 18:41:14 com_github_MitjaNemec_ReplicateLayout.replicate_layout 986:Dst text UUid:f0367b25-13b3-4da4-a08d-56e016b49380
06-18 18:41:14 com_github_MitjaNemec_ReplicateLayout.replicate_layout 985:Src text UUid:b4bc2a55-dd19-4046-a65b-f8685a191b60
06-18 18:41:14 com_github_MitjaNemec_ReplicateLayout.replicate_layout 986:Dst text UUid:aecba904-e093-4539-afbe-b32a7ff12b8e
06-18 18:41:14 com_github_MitjaNemec_ReplicateLayout.replicate_layout 985:Src text UUid:1fe4c370-1f58-4fdb-9619-03a07567b287
06-18 18:41:14 com_github_MitjaNemec_ReplicateLayout.replicate_layout 986:Dst text UUid:d1bfaf91-d6f1-433e-acc7-f5e1904c4a4f
06-18 18:41:14 com_github_MitjaNemec_ReplicateLayout.replicate_layout 985:Src text UUid:090ec407-6b4b-42f7-b250-0f673cdd7818
06-18 18:41:14 com_github_MitjaNemec_ReplicateLayout.replicate_layout 986:Dst text UUid:b082dcc9-ffb8-48b8-95ee-a560bc6db633
06-18 18:41:14 com_github_MitjaNemec_ReplicateLayout.replicate_layout 985:Src text UUid:199ce05a-1e57-4ff3-9e20-d8cc9f89ab9f
06-18 18:41:14 com_github_MitjaNemec_ReplicateLayout.replicate_layout 986:Dst text UUid:aa3268d9-71f3-4bd4-993e-1e81b0f58334
06-18 18:41:14 com_github_MitjaNemec_ReplicateLayout.replicate_layout 985:Src text UUid:7c51952f-c4aa-42a7-9f3b-7a1e04debacd
06-18 18:41:14 com_github_MitjaNemec_ReplicateLayout.replicate_layout 986:Dst text UUid:d40e4427-4316-448a-bcc2-53463b9fa111
06-18 18:41:14 com_github_MitjaNemec_ReplicateLayout.replicate_layout 985:Src text UUid:d311cf92-e2ed-48cd-842a-bd26a12f2eae
06-18 18:41:14 com_github_MitjaNemec_ReplicateLayout.replicate_layout 986:Dst text UUid:8199cfb0-fff9-40ce-8a79-dfb1f6bd953e
06-18 18:41:14 com_github_MitjaNemec_ReplicateLayout.replicate_layout 985:Src text UUid:7d45f47e-1caf-4acb-913d-f6e49b91fca4
06-18 18:41:14 com_github_MitjaNemec_ReplicateLayout.replicate_layout 986:Dst text UUid:b489456d-4226-4581-84c3-a7fd55d44161
06-18 18:41:14 com_github_MitjaNemec_ReplicateLayout.replicate_layout 985:Src text UUid:c1efcade-2162-416d-b2df-ae85144aaf98
06-18 18:41:14 com_github_MitjaNemec_ReplicateLayout.replicate_layout 986:Dst text UUid:463899b3-3b3b-4ac6-b846-0bde657feadb
06-18 18:41:14 com_github_MitjaNemec_ReplicateLayout.replicate_layout 985:Src text UUid:fc5ebb5b-b721-46e9-b067-915f5f87f665
06-18 18:41:14 com_github_MitjaNemec_ReplicateLayout.replicate_layout 986:Dst text UUid:1edc7b6e-386d-49ec-8254-1958bfb5644f
06-18 18:41:14 com_github_MitjaNemec_ReplicateLayout.replicate_layout 985:Src text UUid:b5ed4a3b-8abd-4a2c-a0ab-c12f67a33abb
06-18 18:41:14 com_github_MitjaNemec_ReplicateLayout.replicate_layout 986:Dst text UUid:e6181d4a-60b5-478a-a651-241174b3a9a5
06-18 18:41:14 com_github_MitjaNemec_ReplicateLayout.replicate_layout 985:Src text UUid:3e119506-be40-41d8-a977-20c775c073fd
06-18 18:41:14 com_github_MitjaNemec_ReplicateLayout.replicate_layout 986:Dst text UUid:87a65f47-ae66-4199-bb53-2578df7f8796
06-18 18:41:14 com_github_MitjaNemec_ReplicateLayout.replicate_layout 985:Src text UUid:bd74b0b6-ddd9-4f59-9652-2faf943df77e
06-18 18:41:14 com_github_MitjaNemec_ReplicateLayout.replicate_layout 986:Dst text UUid:cac0a3c5-0875-40dc-945c-e572656f1caf
06-18 18:41:14 com_github_MitjaNemec_ReplicateLayout.replicate_layout 985:Src text UUid:bb07ab6c-5b1f-4c5e-961f-04c639dc53b4
06-18 18:41:14 com_github_MitjaNemec_ReplicateLayout.replicate_layout 986:Dst text UUid:c2c38e37-e57a-449f-a15f-4e26b05bfd55
06-18 18:41:14 com_github_MitjaNemec_ReplicateLayout.replicate_layout 985:Src text UUid:b3dce547-9723-45a8-bb86-cb06dcd427bc
06-18 18:41:14 com_github_MitjaNemec_ReplicateLayout.replicate_layout 986:Dst text UUid:6b518729-6f4b-4b39-998f-1e579c889750
06-18 18:41:14 com_github_MitjaNemec_ReplicateLayout.replicate_layout 985:Src text UUid:4d0e4ba3-e81b-4217-9fb1-64d1bc5af578
06-18 18:41:14 com_github_MitjaNemec_ReplicateLayout.replicate_layout 986:Dst text UUid:1c81dbee-1f44-4685-b675-8de3a2cc64e0
06-18 18:41:14 com_github_MitjaNemec_ReplicateLayout.replicate_layout 985:Src text UUid:bebffa00-f448-48b9-aaac-11569140a4e8
06-18 18:41:14 com_github_MitjaNemec_ReplicateLayout.replicate_layout 986:Dst text UUid:b676abf1-23c4-437a-84c3-919de1d6c215
06-18 18:41:14 com_github_MitjaNemec_ReplicateLayout.replicate_layout 985:Src text UUid:f2493fb5-a3eb-4b25-9416-4614e3bcadcf
06-18 18:41:14 com_github_MitjaNemec_ReplicateLayout.replicate_layout 986:Dst text UUid:7966ca42-2cbe-4c9c-ab04-a12e760275b0
06-18 18:41:14 com_github_MitjaNemec_ReplicateLayout.replicate_layout 985:Src text UUid:da495c91-6968-4d27-9fcd-26e29f778042
06-18 18:41:14 com_github_MitjaNemec_ReplicateLayout.replicate_layout 986:Dst text UUid:29ab1e53-a879-4155-85e0-eca6e41fa2f1
06-18 18:41:14 com_github_MitjaNemec_ReplicateLayout.replicate_layout 985:Src text UUid:971aedc6-3332-4aef-bfc8-08cdce192fa5
06-18 18:41:14 com_github_MitjaNemec_ReplicateLayout.replicate_layout 986:Dst text UUid:a488c79f-5814-420f-80ad-0d5a74e15957
06-18 18:41:14 com_github_MitjaNemec_ReplicateLayout.replicate_layout 985:Src text UUid:a1e544c6-9055-4df8-b545-a3bf75023005
06-18 18:41:14 com_github_MitjaNemec_ReplicateLayout.replicate_layout 986:Dst text UUid:328aa533-d2c6-45f4-81ea-9bbbdf886493
06-18 18:41:14 com_github_MitjaNemec_ReplicateLayout.replicate_layout 985:Src text UUid:9142bdcf-8fa3-4285-a163-b0cf569f0415
06-18 18:41:14 com_github_MitjaNemec_ReplicateLayout.replicate_layout 986:Dst text UUid:7a94b5e1-da09-4b1a-b8f0-c8355d0f55c1
06-18 18:41:14 com_github_MitjaNemec_ReplicateLayout.replicate_layout 985:Src text UUid:262618d0-c666-4e27-97cb-fc364c17b9c7
06-18 18:41:14 com_github_MitjaNemec_ReplicateLayout.replicate_layout 986:Dst text UUid:1485222a-9210-4ee1-8372-a8c1a77b326a
06-18 18:41:14 com_github_MitjaNemec_ReplicateLayout.replicate_layout 985:Src text UUid:13d39f7c-de63-4a6c-a8f8-3dda53fb8cb8
06-18 18:41:14 com_github_MitjaNemec_ReplicateLayout.replicate_layout 986:Dst text UUid:40ed6c40-30e8-4f20-a8d7-55d7bc088bc9
06-18 18:41:14 com_github_MitjaNemec_ReplicateLayout.replicate_layout 985:Src text UUid:a6342a32-f9ef-4f25-aed2-728409d33eee
06-18 18:41:14 com_github_MitjaNemec_ReplicateLayout.replicate_layout 986:Dst text UUid:171ff788-25a7-46f7-a7e1-c41f3fe0f60b
06-18 18:41:14 com_github_MitjaNemec_ReplicateLayout.replicate_layout 868:Replicating footprints on sheet ['xESC2']
06-18 18:41:14 com_github_MitjaNemec_ReplicateLayout.replicate_layout 985:Src text UUid:c4648281-559f-471a-9cac-6887e1cc3d57
06-18 18:41:14 com_github_MitjaNemec_ReplicateLayout.replicate_layout 986:Dst text UUid:84aeccf1-3b33-4046-95fb-033a15e821cd
06-18 18:41:14 com_github_MitjaNemec_ReplicateLayout.replicate_layout 985:Src text UUid:f3b30bf7-58b2-4d1a-a69e-1daf12f5e0b6
06-18 18:41:14 com_github_MitjaNemec_ReplicateLayout.replicate_layout 986:Dst text UUid:bcd95b52-eadf-4541-9f18-272ec1f0ddd7
06-18 18:41:14 com_github_MitjaNemec_ReplicateLayout.replicate_layout 985:Src text UUid:2e504626-1f35-4f95-bb4d-63af376bd242
06-18 18:41:14 com_github_MitjaNemec_ReplicateLayout.replicate_layout 986:Dst text UUid:42e66e1e-130f-40ac-b404-61ff56c3a787
06-18 18:41:14 com_github_MitjaNemec_ReplicateLayout.replicate_layout 985:Src text UUid:19e62110-3dec-4d4e-b3e2-1a698a0a827d
06-18 18:41:14 com_github_MitjaNemec_ReplicateLayout.replicate_layout 986:Dst text UUid:b995f4c5-f3e3-4077-8ef1-cf225f9de862
06-18 18:41:14 com_github_MitjaNemec_ReplicateLayout.replicate_layout 985:Src text UUid:72500d67-a57d-4f8c-b305-fbef15135fc7
06-18 18:41:14 com_github_MitjaNemec_ReplicateLayout.replicate_layout 986:Dst text UUid:ea1180c7-745d-44d7-8f9f-b8b1b008afff
06-18 18:41:14 com_github_MitjaNemec_ReplicateLayout.replicate_layout 985:Src text UUid:1c3abdcc-18e0-4e50-9db5-a6e7acf4095a
06-18 18:41:14 com_github_MitjaNemec_ReplicateLayout.replicate_layout 986:Dst text UUid:e20ef1d5-6326-4892-861f-155e2d0a7cd5
06-18 18:41:14 com_github_MitjaNemec_ReplicateLayout.replicate_layout 985:Src text UUid:5d0cae2a-deef-434a-bdac-50d97a3b390e
06-18 18:41:14 com_github_MitjaNemec_ReplicateLayout.replicate_layout 986:Dst text UUid:a82e1b40-c6a1-426c-ab1a-63142c833ffc
06-18 18:41:14 com_github_MitjaNemec_ReplicateLayout.replicate_layout 985:Src text UUid:3643627e-37fe-40e6-9d05-f09934f1a6a4
06-18 18:41:14 com_github_MitjaNemec_ReplicateLayout.replicate_layout 986:Dst text UUid:f0c0731a-28cd-4492-91ca-4f4d6c68eb83
06-18 18:41:14 com_github_MitjaNemec_ReplicateLayout.replicate_layout 985:Src text UUid:6c532b87-716d-465a-ad89-d0292cca6016
06-18 18:41:14 com_github_MitjaNemec_ReplicateLayout.replicate_layout 986:Dst text UUid:dc5906b6-3d92-4cec-b405-9b5fb4fde4bb
06-18 18:41:14 com_github_MitjaNemec_ReplicateLayout.replicate_layout 985:Src text UUid:00551513-a946-46a4-a301-2a83087e645e
06-18 18:41:14 com_github_MitjaNemec_ReplicateLayout.replicate_layout 986:Dst text UUid:8f720e96-fd8b-469e-88bc-57ad090c9bc9
06-18 18:41:14 com_github_MitjaNemec_ReplicateLayout.replicate_layout 985:Src text UUid:f5f95144-33e0-4c47-b13c-87440f08f82a
06-18 18:41:14 com_github_MitjaNemec_ReplicateLayout.replicate_layout 986:Dst text UUid:c6ffa586-c1d3-4564-b040-7eb5417b1e2e
06-18 18:41:14 com_github_MitjaNemec_ReplicateLayout.replicate_layout 985:Src text UUid:0e5238e3-b86b-4404-84cf-3c9430da6340
06-18 18:41:14 com_github_MitjaNemec_ReplicateLayout.replicate_layout 986:Dst text UUid:ae73d80f-d74e-4cfa-af86-43351d185c1d
06-18 18:41:14 com_github_MitjaNemec_ReplicateLayout.replicate_layout 985:Src text UUid:ed602194-085d-4744-91ef-ac29579e6b05
06-18 18:41:14 com_github_MitjaNemec_ReplicateLayout.replicate_layout 986:Dst text UUid:69d0bc22-34f3-4478-9c1f-f62939d78cc5
06-18 18:41:14 com_github_MitjaNemec_ReplicateLayout.replicate_layout 985:Src text UUid:79304e65-a32b-4349-9d6f-029ba2f9a866
06-18 18:41:14 com_github_MitjaNemec_ReplicateLayout.replicate_layout 986:Dst text UUid:c45a8cbe-42ae-4569-9f23-55b93b70b993
06-18 18:41:14 com_github_MitjaNemec_ReplicateLayout.replicate_layout 985:Src text UUid:8dc032e7-53fe-4027-b4c7-dffc35a2a410
06-18 18:41:14 com_github_MitjaNemec_ReplicateLayout.replicate_layout 986:Dst text UUid:87e831f1-7d91-4607-8df9-2df9e3b7fd2d
06-18 18:41:14 com_github_MitjaNemec_ReplicateLayout.replicate_layout 985:Src text UUid:37baa41c-f36e-4648-816e-c3147d3c9645
06-18 18:41:14 com_github_MitjaNemec_ReplicateLayout.replicate_layout 986:Dst text UUid:8c4ffa4a-17dc-4d5b-88ea-1a6b0a5f6a65
06-18 18:41:14 com_github_MitjaNemec_ReplicateLayout.replicate_layout 985:Src text UUid:afe90dc0-878e-4f61-be68-c53a9c08f9cd
06-18 18:41:14 com_github_MitjaNemec_ReplicateLayout.replicate_layout 986:Dst text UUid:1eaef616-62d7-42a7-8709-fd7e743b33ee
06-18 18:41:14 com_github_MitjaNemec_ReplicateLayout.replicate_layout 985:Src text UUid:ef8022e9-5f02-4e02-88e2-958bd0eea703
06-18 18:41:14 com_github_MitjaNemec_ReplicateLayout.replicate_layout 986:Dst text UUid:e5fdd7a0-6cba-4fc0-a533-b0753956b802
06-18 18:41:14 com_github_MitjaNemec_ReplicateLayout.replicate_layout 985:Src text UUid:71de56ac-589d-4b1b-bf67-93db92dd053d
06-18 18:41:14 com_github_MitjaNemec_ReplicateLayout.replicate_layout 986:Dst text UUid:b49efdbc-a0b2-4113-9425-ac58ea96be30
06-18 18:41:14 com_github_MitjaNemec_ReplicateLayout.replicate_layout 985:Src text UUid:39162c6e-6ec0-46be-ad05-b99b1bab6da7
06-18 18:41:14 com_github_MitjaNemec_ReplicateLayout.replicate_layout 986:Dst text UUid:bef9c8c9-e252-43a8-bf45-b91004e6491a
06-18 18:41:14 com_github_MitjaNemec_ReplicateLayout.replicate_layout 985:Src text UUid:b685747e-d66c-4c62-b958-7e7b87127cd6
06-18 18:41:14 com_github_MitjaNemec_ReplicateLayout.replicate_layout 986:Dst text UUid:7122bd37-595b-48c9-9960-0730867dbee6
06-18 18:41:14 root 337:updating GUI with: 58
06-18 18:41:14 com_github_MitjaNemec_ReplicateLayout.replicate_layout 985:Src text UUid:b6a09b20-7557-41f1-b37a-e232de14c24a
06-18 18:41:14 com_github_MitjaNemec_ReplicateLayout.replicate_layout 986:Dst text UUid:e4780bc0-5036-4ee7-b757-1a7d432de7c5
06-18 18:41:14 com_github_MitjaNemec_ReplicateLayout.replicate_layout 985:Src text UUid:2cff9131-2b40-442f-9b3f-5c357d4e2a24
06-18 18:41:14 com_github_MitjaNemec_ReplicateLayout.replicate_layout 986:Dst text UUid:e80fe6cb-3eef-4315-9ec4-138a572aa7ce
06-18 18:41:14 com_github_MitjaNemec_ReplicateLayout.replicate_layout 985:Src text UUid:5d8c9f42-4c62-40bc-80eb-b123cb54fe48
06-18 18:41:14 com_github_MitjaNemec_ReplicateLayout.replicate_layout 986:Dst text UUid:eaec5f83-3ae7-4843-b0ad-cf62bab18aac
06-18 18:41:14 com_github_MitjaNemec_ReplicateLayout.replicate_layout 985:Src text UUid:ae166bae-e21a-41b6-8a68-c0b4d2ecc474
06-18 18:41:14 com_github_MitjaNemec_ReplicateLayout.replicate_layout 986:Dst text UUid:184a8b98-7ed4-4af8-84d5-7ec3809614ed
06-18 18:41:14 com_github_MitjaNemec_ReplicateLayout.replicate_layout 985:Src text UUid:321fd274-3ee9-484c-8260-482ca90a7084
06-18 18:41:14 com_github_MitjaNemec_ReplicateLayout.replicate_layout 986:Dst text UUid:9ca3b0f8-3511-4e4c-8358-7e7ad5a269e8
06-18 18:41:14 com_github_MitjaNemec_ReplicateLayout.replicate_layout 985:Src text UUid:5b1b31f9-a933-42d1-af61-6944e7883dc4
06-18 18:41:14 com_github_MitjaNemec_ReplicateLayout.replicate_layout 986:Dst text UUid:e003332d-26dc-4c09-adaa-3beed6076b7b
06-18 18:41:14 com_github_MitjaNemec_ReplicateLayout.replicate_layout 985:Src text UUid:1a871184-3d4a-4eba-9bdb-12c2d718b38c
06-18 18:41:14 com_github_MitjaNemec_ReplicateLayout.replicate_layout 986:Dst text UUid:d0515426-89b3-432c-80a5-c3a4cec6efec
06-18 18:41:14 com_github_MitjaNemec_ReplicateLayout.replicate_layout 985:Src text UUid:19471432-18d4-447e-a9b0-d757571de2d7
06-18 18:41:14 com_github_MitjaNemec_ReplicateLayout.replicate_layout 986:Dst text UUid:c5a26976-6cd2-434d-86f5-fc045c154aca
06-18 18:41:14 com_github_MitjaNemec_ReplicateLayout.replicate_layout 985:Src text UUid:5a2101f8-cc0a-4dab-9373-a0c1f75fb3fa
06-18 18:41:14 com_github_MitjaNemec_ReplicateLayout.replicate_layout 986:Dst text UUid:5431b423-ccf9-4297-bfcc-a7fa62364c86
06-18 18:41:14 com_github_MitjaNemec_ReplicateLayout.replicate_layout 985:Src text UUid:8286bd46-e2d4-4e84-809b-062cee2295bd
06-18 18:41:14 com_github_MitjaNemec_ReplicateLayout.replicate_layout 986:Dst text UUid:a63bd654-4d67-4def-a016-7002212c812b
06-18 18:41:14 com_github_MitjaNemec_ReplicateLayout.replicate_layout 985:Src text UUid:a83aa751-3fab-423f-b8a9-e31851677ea5
06-18 18:41:14 com_github_MitjaNemec_ReplicateLayout.replicate_layout 986:Dst text UUid:2de0ecbb-ec0f-4c37-8d94-e07598e48833
06-18 18:41:14 com_github_MitjaNemec_ReplicateLayout.replicate_layout 985:Src text UUid:4a812c7b-67c4-4b90-89c9-bcdd148518dd
06-18 18:41:14 com_github_MitjaNemec_ReplicateLayout.replicate_layout 986:Dst text UUid:fbc338b4-af60-404f-a962-d71cedcff570
06-18 18:41:14 com_github_MitjaNemec_ReplicateLayout.replicate_layout 985:Src text UUid:18a875a2-e0fc-4b79-ba16-dfe6b22c30c2
06-18 18:41:14 com_github_MitjaNemec_ReplicateLayout.replicate_layout 986:Dst text UUid:06ac17e2-5b44-40a9-8678-6209508c1dbc
06-18 18:41:14 com_github_MitjaNemec_ReplicateLayout.replicate_layout 985:Src text UUid:ea260266-0246-42ae-8c63-39ed2f375117
06-18 18:41:14 com_github_MitjaNemec_ReplicateLayout.replicate_layout 986:Dst text UUid:fad18498-4c58-46d0-af7d-e13cdc760a19
06-18 18:41:14 com_github_MitjaNemec_ReplicateLayout.replicate_layout 985:Src text UUid:15cabb59-bec2-4137-a272-8ee278519fbe
06-18 18:41:14 com_github_MitjaNemec_ReplicateLayout.replicate_layout 986:Dst text UUid:249bc9ab-dbf4-4bb9-98df-8881bb54a404
06-18 18:41:14 com_github_MitjaNemec_ReplicateLayout.replicate_layout 985:Src text UUid:dde46b3a-9414-4aa6-819b-db959d7bd59f
06-18 18:41:14 com_github_MitjaNemec_ReplicateLayout.replicate_layout 986:Dst text UUid:94137517-ce7f-4d83-8a45-ac99d9f4aadc
06-18 18:41:14 com_github_MitjaNemec_ReplicateLayout.replicate_layout 985:Src text UUid:c8d10a8f-89c0-4d5f-9d86-00f7059c1ac6
06-18 18:41:14 com_github_MitjaNemec_ReplicateLayout.replicate_layout 986:Dst text UUid:d311206c-0a0a-43b1-a934-1becc317e27f
06-18 18:41:14 com_github_MitjaNemec_ReplicateLayout.replicate_layout 985:Src text UUid:5c1d2b14-3fff-408e-ab9a-947488fa7a17
06-18 18:41:14 com_github_MitjaNemec_ReplicateLayout.replicate_layout 986:Dst text UUid:aaa63c89-7131-40c3-80e7-e12f5fda038b
06-18 18:41:14 com_github_MitjaNemec_ReplicateLayout.replicate_layout 985:Src text UUid:ffc4a674-5565-44b7-b4a6-cd6f0f0c428e
06-18 18:41:14 com_github_MitjaNemec_ReplicateLayout.replicate_layout 986:Dst text UUid:deee98bd-b59e-44a0-9569-a9604ebdb54a
06-18 18:41:14 com_github_MitjaNemec_ReplicateLayout.replicate_layout 985:Src text UUid:c4b57043-49b6-40ff-abc9-1fadbfc4dcf0
06-18 18:41:14 com_github_MitjaNemec_ReplicateLayout.replicate_layout 986:Dst text UUid:6d3c45b9-828a-4edb-b348-9d240243bcc2
06-18 18:41:14 com_github_MitjaNemec_ReplicateLayout.replicate_layout 985:Src text UUid:065f6df5-9edf-4e1e-b20d-d2882af5ef8b
06-18 18:41:14 com_github_MitjaNemec_ReplicateLayout.replicate_layout 986:Dst text UUid:625828d0-44fa-44ff-ac69-edce81b7c310
06-18 18:41:14 com_github_MitjaNemec_ReplicateLayout.replicate_layout 985:Src text UUid:bf426c47-1ea5-4288-b32e-a3f8b25368b6
06-18 18:41:14 com_github_MitjaNemec_ReplicateLayout.replicate_layout 986:Dst text UUid:017fb23a-eca3-43fe-a6cb-d3505ebdad0b
06-18 18:41:14 com_github_MitjaNemec_ReplicateLayout.replicate_layout 985:Src text UUid:aabddc6e-5a58-48e6-a0a1-cf03ea8c03ef
06-18 18:41:14 com_github_MitjaNemec_ReplicateLayout.replicate_layout 986:Dst text UUid:8df6a93d-13f0-4b2f-8321-f30968f2e0e2
06-18 18:41:14 com_github_MitjaNemec_ReplicateLayout.replicate_layout 985:Src text UUid:9f392c9c-6ce1-417b-ae74-2637ba535351
06-18 18:41:14 com_github_MitjaNemec_ReplicateLayout.replicate_layout 986:Dst text UUid:15dcad06-6d92-45fa-af2d-92e1cff3286b
06-18 18:41:14 com_github_MitjaNemec_ReplicateLayout.replicate_layout 985:Src text UUid:67319657-8ca9-4dec-ae4d-c82497fa5d7e
06-18 18:41:14 com_github_MitjaNemec_ReplicateLayout.replicate_layout 986:Dst text UUid:6c2d8e23-1609-405c-86f5-0318dabf5bd8
06-18 18:41:14 com_github_MitjaNemec_ReplicateLayout.replicate_layout 985:Src text UUid:9a77f0c8-6961-43fa-aa1f-969972030356
06-18 18:41:14 com_github_MitjaNemec_ReplicateLayout.replicate_layout 986:Dst text UUid:16e1a764-8af5-486d-865a-a4e3cba3d87c
06-18 18:41:14 com_github_MitjaNemec_ReplicateLayout.replicate_layout 985:Src text UUid:32d1b5e5-64b6-4743-9d9a-2ba7376fa756
06-18 18:41:14 com_github_MitjaNemec_ReplicateLayout.replicate_layout 986:Dst text UUid:25aafb73-88b7-42be-9245-93986df5e5fe
06-18 18:41:14 com_github_MitjaNemec_ReplicateLayout.replicate_layout 985:Src text UUid:2716d7cb-4662-45e6-825a-da67e445f5c8
06-18 18:41:14 com_github_MitjaNemec_ReplicateLayout.replicate_layout 986:Dst text UUid:f49cc5ac-f9a5-4c7b-aff4-6f2815423385
06-18 18:41:14 com_github_MitjaNemec_ReplicateLayout.replicate_layout 985:Src text UUid:de52c320-1005-463c-9f82-7764b3a31b83
06-18 18:41:14 com_github_MitjaNemec_ReplicateLayout.replicate_layout 986:Dst text UUid:195acffd-93b9-4661-9ac0-2ef84acf08be
06-18 18:41:14 com_github_MitjaNemec_ReplicateLayout.replicate_layout 985:Src text UUid:f20b9596-1aac-4003-960f-c16b369b8d27
06-18 18:41:14 com_github_MitjaNemec_ReplicateLayout.replicate_layout 986:Dst text UUid:7951f8f9-7571-4dbf-b866-a4dbef7f1c8d
06-18 18:41:14 com_github_MitjaNemec_ReplicateLayout.replicate_layout 985:Src text UUid:9c30d553-d549-4da3-9449-7a380364e711
06-18 18:41:14 com_github_MitjaNemec_ReplicateLayout.replicate_layout 986:Dst text UUid:2af65a07-5d10-4959-b768-b43cd03a68cd
06-18 18:41:14 com_github_MitjaNemec_ReplicateLayout.replicate_layout 985:Src text UUid:56e8211d-bb26-4314-8ec6-076e6f1ebf72
06-18 18:41:14 com_github_MitjaNemec_ReplicateLayout.replicate_layout 986:Dst text UUid:c3781b34-bd04-4dea-a7ca-ae14edc51bc9
06-18 18:41:14 com_github_MitjaNemec_ReplicateLayout.replicate_layout 985:Src text UUid:6b172908-5ed1-4521-800f-200bded1ea9d
06-18 18:41:14 com_github_MitjaNemec_ReplicateLayout.replicate_layout 986:Dst text UUid:aabbee2e-a9e2-439c-bfe2-ae34a42d211c
06-18 18:41:14 com_github_MitjaNemec_ReplicateLayout.replicate_layout 985:Src text UUid:3bab13b5-5dea-44f0-9d66-cfdb53810805
06-18 18:41:14 com_github_MitjaNemec_ReplicateLayout.replicate_layout 986:Dst text UUid:502f3845-90a5-4bd2-bcbf-405694cd2ad2
06-18 18:41:14 com_github_MitjaNemec_ReplicateLayout.replicate_layout 985:Src text UUid:76b61d33-7c9b-40c8-bbfd-289c3553c2d7
06-18 18:41:14 com_github_MitjaNemec_ReplicateLayout.replicate_layout 986:Dst text UUid:a6e4743d-f197-429e-9e81-cfaf0f531f99
06-18 18:41:14 com_github_MitjaNemec_ReplicateLayout.replicate_layout 985:Src text UUid:ad0375b0-b8ec-4a0b-8ac7-bcf9a8ceb7b8
06-18 18:41:14 com_github_MitjaNemec_ReplicateLayout.replicate_layout 986:Dst text UUid:5136f6dd-7ce2-4cd1-98bd-4a18d9ba72cb
06-18 18:41:14 com_github_MitjaNemec_ReplicateLayout.replicate_layout 985:Src text UUid:e8e5fb64-c33c-4eae-8986-71e5fe6d9652
06-18 18:41:14 com_github_MitjaNemec_ReplicateLayout.replicate_layout 986:Dst text UUid:2c3187bc-3181-4f62-973f-ae8139a484aa
06-18 18:41:14 com_github_MitjaNemec_ReplicateLayout.replicate_layout 985:Src text UUid:93ec2216-8a38-45ed-bb01-b74f42b9626b
06-18 18:41:14 com_github_MitjaNemec_ReplicateLayout.replicate_layout 986:Dst text UUid:e1f6b549-10ae-42f2-9af1-ddc4e09a2750
06-18 18:41:14 com_github_MitjaNemec_ReplicateLayout.replicate_layout 985:Src text UUid:a12192d9-19c9-4f64-a639-08fdc1609fa8
06-18 18:41:14 com_github_MitjaNemec_ReplicateLayout.replicate_layout 986:Dst text UUid:226078da-871d-4007-8c43-91265a45af42
06-18 18:41:14 com_github_MitjaNemec_ReplicateLayout.replicate_layout 985:Src text UUid:e5af56c8-5bd3-4ffa-b07f-6b8c76f136e7
06-18 18:41:14 com_github_MitjaNemec_ReplicateLayout.replicate_layout 986:Dst text UUid:122b5450-ceda-4f5d-9dc3-17adf7b7ed90
06-18 18:41:14 com_github_MitjaNemec_ReplicateLayout.replicate_layout 985:Src text UUid:1f3b1062-5d98-4097-b48c-6d8a70b75c62
06-18 18:41:14 com_github_MitjaNemec_ReplicateLayout.replicate_layout 986:Dst text UUid:ae6aac0c-58f1-4d57-9c8d-f88867f47f15
06-18 18:41:14 com_github_MitjaNemec_ReplicateLayout.replicate_layout 985:Src text UUid:49082458-11cc-40c9-88ca-b47ec199c707
06-18 18:41:14 com_github_MitjaNemec_ReplicateLayout.replicate_layout 986:Dst text UUid:0ef95d0f-65ef-4ee6-8b37-4c2601af9195
06-18 18:41:14 com_github_MitjaNemec_ReplicateLayout.replicate_layout 985:Src text UUid:742f3c4b-d989-46e8-9b30-aafe70dfe4f4
06-18 18:41:14 com_github_MitjaNemec_ReplicateLayout.replicate_layout 986:Dst text UUid:82b9edc9-1d34-4045-9ec9-e2a3eac1adc3
06-18 18:41:14 com_github_MitjaNemec_ReplicateLayout.replicate_layout 985:Src text UUid:799bb809-9723-4357-ae4b-ea2a690920b4
06-18 18:41:14 com_github_MitjaNemec_ReplicateLayout.replicate_layout 986:Dst text UUid:ecc425c6-0f1f-494f-8c0d-6f243dd80583
06-18 18:41:14 com_github_MitjaNemec_ReplicateLayout.replicate_layout 985:Src text UUid:35de7c75-9521-45e3-80d7-7f64e70dd33b
06-18 18:41:14 com_github_MitjaNemec_ReplicateLayout.replicate_layout 986:Dst text UUid:d7c9dc9d-4880-47b2-8557-a83b4678e08a
06-18 18:41:14 com_github_MitjaNemec_ReplicateLayout.replicate_layout 985:Src text UUid:f1662d84-483e-40cb-9864-5d2dcdda5c37
06-18 18:41:14 com_github_MitjaNemec_ReplicateLayout.replicate_layout 986:Dst text UUid:5a58a3ad-c9b9-4ddd-92f4-98d429e76c5c
06-18 18:41:14 com_github_MitjaNemec_ReplicateLayout.replicate_layout 985:Src text UUid:0f680510-9be7-4788-8b74-18573945c82b
06-18 18:41:14 com_github_MitjaNemec_ReplicateLayout.replicate_layout 986:Dst text UUid:46ce6267-0dac-4257-8ae1-1aa00dabaf91
06-18 18:41:14 com_github_MitjaNemec_ReplicateLayout.replicate_layout 985:Src text UUid:ab1217bb-1355-40bb-8685-b0f4907ae73c
06-18 18:41:14 com_github_MitjaNemec_ReplicateLayout.replicate_layout 986:Dst text UUid:0c166f1d-b62f-4958-85f1-f36c5f56aaab
06-18 18:41:14 com_github_MitjaNemec_ReplicateLayout.replicate_layout 985:Src text UUid:79898145-29fa-4861-94b9-2b3e9f355e4d
06-18 18:41:14 com_github_MitjaNemec_ReplicateLayout.replicate_layout 986:Dst text UUid:9c3c2f9f-04ce-4824-8b20-841e570584ce
06-18 18:41:14 com_github_MitjaNemec_ReplicateLayout.replicate_layout 985:Src text UUid:45467297-7782-4f18-b080-da1b79ceacbe
06-18 18:41:14 com_github_MitjaNemec_ReplicateLayout.replicate_layout 986:Dst text UUid:2930df92-cdae-4720-9269-410d487d2d61
06-18 18:41:14 com_github_MitjaNemec_ReplicateLayout.replicate_layout 985:Src text UUid:10dedd9f-8745-4e04-95fc-1888c89acabe
06-18 18:41:14 com_github_MitjaNemec_ReplicateLayout.replicate_layout 986:Dst text UUid:93fe4580-6426-4f1d-9385-0644efd42009
06-18 18:41:14 com_github_MitjaNemec_ReplicateLayout.replicate_layout 985:Src text UUid:886c1bdf-5dc0-4667-81bd-728aed0e87ed
06-18 18:41:14 com_github_MitjaNemec_ReplicateLayout.replicate_layout 986:Dst text UUid:cfbca959-e69a-41f2-a7ea-26dba153e29f
06-18 18:41:14 com_github_MitjaNemec_ReplicateLayout.replicate_layout 985:Src text UUid:4eada0b9-aa8e-4005-8c14-bc1f9371cfe2
06-18 18:41:14 com_github_MitjaNemec_ReplicateLayout.replicate_layout 986:Dst text UUid:9ce9c8dd-1529-41f2-9f0f-3a7f9d4dedbd
06-18 18:41:14 com_github_MitjaNemec_ReplicateLayout.replicate_layout 985:Src text UUid:f32170fb-ee5e-4eb0-9bc1-0584c5181d44
06-18 18:41:14 com_github_MitjaNemec_ReplicateLayout.replicate_layout 986:Dst text UUid:dccdf921-dc11-466a-958e-2e7d0bd86748
06-18 18:41:14 com_github_MitjaNemec_ReplicateLayout.replicate_layout 985:Src text UUid:c8d0e711-5181-4faa-a304-aafb1ab6b38d
06-18 18:41:14 com_github_MitjaNemec_ReplicateLayout.replicate_layout 986:Dst text UUid:19640679-e2cd-4901-801d-c6bf6eb056a0
06-18 18:41:14 com_github_MitjaNemec_ReplicateLayout.replicate_layout 985:Src text UUid:dc6ea16e-33ef-49f9-9136-06c41960a9e2
06-18 18:41:14 com_github_MitjaNemec_ReplicateLayout.replicate_layout 986:Dst text UUid:4f5b04e4-18fc-4cf5-a6be-7c672e620f38
06-18 18:41:14 com_github_MitjaNemec_ReplicateLayout.replicate_layout 985:Src text UUid:f73ddbd7-9424-41bc-97dd-efb382566340
06-18 18:41:14 com_github_MitjaNemec_ReplicateLayout.replicate_layout 986:Dst text UUid:3b09001c-5a19-40ed-b342-6f23811c8a42
06-18 18:41:14 com_github_MitjaNemec_ReplicateLayout.replicate_layout 985:Src text UUid:423d8f3c-8150-4d22-b49f-153db2fb3ad5
06-18 18:41:14 com_github_MitjaNemec_ReplicateLayout.replicate_layout 986:Dst text UUid:4ce606df-5ddf-44c8-9903-e391b6c4a448
06-18 18:41:14 com_github_MitjaNemec_ReplicateLayout.replicate_layout 985:Src text UUid:1d3d104a-10d0-40c5-810e-53adf1a34423
06-18 18:41:14 com_github_MitjaNemec_ReplicateLayout.replicate_layout 986:Dst text UUid:be99004d-6eed-49b7-ae06-b64f95a1e128
06-18 18:41:14 com_github_MitjaNemec_ReplicateLayout.replicate_layout 985:Src text UUid:0087fcba-3e7f-4980-b293-e25d50c9ca5f
06-18 18:41:14 com_github_MitjaNemec_ReplicateLayout.replicate_layout 986:Dst text UUid:f9bb3b2e-a93b-40c1-902e-37c8d4950452
06-18 18:41:14 com_github_MitjaNemec_ReplicateLayout.replicate_layout 985:Src text UUid:e45d124d-089e-4034-b40e-f14f710d8aa1
06-18 18:41:14 com_github_MitjaNemec_ReplicateLayout.replicate_layout 986:Dst text UUid:4399efc7-871b-4fa2-a6cf-a7293013af68
06-18 18:41:14 com_github_MitjaNemec_ReplicateLayout.replicate_layout 985:Src text UUid:e0662c03-af1d-4639-a058-5f456242ef89
06-18 18:41:14 com_github_MitjaNemec_ReplicateLayout.replicate_layout 986:Dst text UUid:9b06d39b-7c24-49cb-bdb5-cd97396b6da6
06-18 18:41:14 com_github_MitjaNemec_ReplicateLayout.replicate_layout 985:Src text UUid:cd32977c-6233-4c8a-b80f-d70f201e6c37
06-18 18:41:14 com_github_MitjaNemec_ReplicateLayout.replicate_layout 986:Dst text UUid:f888e476-2439-4b7b-b8dc-8e66b9ae7abc
06-18 18:41:14 com_github_MitjaNemec_ReplicateLayout.replicate_layout 985:Src text UUid:c045cc4a-954d-4917-b860-df8f0004c05c
06-18 18:41:14 com_github_MitjaNemec_ReplicateLayout.replicate_layout 986:Dst text UUid:df402496-ecaf-4049-a8db-3e7749b6febb
06-18 18:41:14 com_github_MitjaNemec_ReplicateLayout.replicate_layout 985:Src text UUid:4b1d8074-e4e6-450c-958b-2e610e34ecd9
06-18 18:41:14 com_github_MitjaNemec_ReplicateLayout.replicate_layout 986:Dst text UUid:745f1c7c-4399-44a1-9365-c6e3047e43ba
06-18 18:41:14 com_github_MitjaNemec_ReplicateLayout.replicate_layout 985:Src text UUid:54377766-ab5e-4d50-87af-586b32411450
06-18 18:41:14 com_github_MitjaNemec_ReplicateLayout.replicate_layout 986:Dst text UUid:4af7436e-9fae-4bec-b9b9-677c759b89ae
06-18 18:41:14 com_github_MitjaNemec_ReplicateLayout.replicate_layout 985:Src text UUid:bd0784d4-68d7-403b-ae2f-84bce0860313
06-18 18:41:14 com_github_MitjaNemec_ReplicateLayout.replicate_layout 986:Dst text UUid:8056412e-6396-4367-b57e-0f7fe4d535ad
06-18 18:41:14 com_github_MitjaNemec_ReplicateLayout.replicate_layout 985:Src text UUid:1692e41c-0256-486f-bc42-98f23f10ed03
06-18 18:41:14 com_github_MitjaNemec_ReplicateLayout.replicate_layout 986:Dst text UUid:261ffaff-d883-4af8-a9f5-bfe4899020d4
06-18 18:41:14 root 337:updating GUI with: 82
06-18 18:41:14 com_github_MitjaNemec_ReplicateLayout.replicate_layout 985:Src text UUid:aa36aa2d-12e4-449a-b2e6-4d9e05cec9d6
06-18 18:41:14 com_github_MitjaNemec_ReplicateLayout.replicate_layout 986:Dst text UUid:89e64ff5-bfa8-4c44-8fc8-d53a74f98771
06-18 18:41:14 com_github_MitjaNemec_ReplicateLayout.replicate_layout 985:Src text UUid:efa3919b-1c7c-4da4-9306-a2547c18e382
06-18 18:41:14 com_github_MitjaNemec_ReplicateLayout.replicate_layout 986:Dst text UUid:d4452cd8-a3bc-47d4-a608-60d319354938
06-18 18:41:14 com_github_MitjaNemec_ReplicateLayout.replicate_layout 985:Src text UUid:a736048e-a0bd-441e-b0bb-b75ac6db6bb5
06-18 18:41:14 com_github_MitjaNemec_ReplicateLayout.replicate_layout 986:Dst text UUid:3cb32673-1d8a-44cf-baf9-d54caf87609c
06-18 18:41:14 com_github_MitjaNemec_ReplicateLayout.replicate_layout 985:Src text UUid:0f800c07-0704-4445-a4f0-f7270d7c87d2
06-18 18:41:14 com_github_MitjaNemec_ReplicateLayout.replicate_layout 986:Dst text UUid:1501a69b-1132-4580-bedd-f222fe9b502c
06-18 18:41:14 com_github_MitjaNemec_ReplicateLayout.replicate_layout 985:Src text UUid:eb4add15-9e12-4ac8-ac48-b944f78b8715
06-18 18:41:14 com_github_MitjaNemec_ReplicateLayout.replicate_layout 986:Dst text UUid:b15d6684-ab8b-4711-b25c-59601ea5633f
06-18 18:41:14 com_github_MitjaNemec_ReplicateLayout.replicate_layout 985:Src text UUid:204d4288-7c68-47a5-a190-3e8be39317e4
06-18 18:41:14 com_github_MitjaNemec_ReplicateLayout.replicate_layout 986:Dst text UUid:21587e93-89f3-47a5-b4c6-3d0b356dc7e0
06-18 18:41:14 com_github_MitjaNemec_ReplicateLayout.replicate_layout 985:Src text UUid:0f0e4b15-a4b0-496e-a139-1f24bae38d69
06-18 18:41:14 com_github_MitjaNemec_ReplicateLayout.replicate_layout 986:Dst text UUid:2d3f1a11-decf-419a-a185-650dfd2ffa8a
06-18 18:41:14 com_github_MitjaNemec_ReplicateLayout.replicate_layout 985:Src text UUid:ccd2a183-9c36-4142-af87-db78ac299c45
06-18 18:41:14 com_github_MitjaNemec_ReplicateLayout.replicate_layout 986:Dst text UUid:6c502bb0-1b6a-4e03-b6cc-84da6c085838
06-18 18:41:14 com_github_MitjaNemec_ReplicateLayout.replicate_layout 985:Src text UUid:20222de4-be9a-4ca2-8663-2ab716e10c77
06-18 18:41:14 com_github_MitjaNemec_ReplicateLayout.replicate_layout 986:Dst text UUid:7710bbe4-5f9d-4cdc-b4d1-b46a3e950267
06-18 18:41:14 com_github_MitjaNemec_ReplicateLayout.replicate_layout 985:Src text UUid:237a92df-7c2f-4d0c-ae97-83a3350db9c1
06-18 18:41:14 com_github_MitjaNemec_ReplicateLayout.replicate_layout 986:Dst text UUid:01ada952-656d-41ed-8dd9-d9e5076a3778
06-18 18:41:14 com_github_MitjaNemec_ReplicateLayout.replicate_layout 985:Src text UUid:6ae6df15-b0aa-42ef-b092-0a6e207b33e5
06-18 18:41:14 com_github_MitjaNemec_ReplicateLayout.replicate_layout 986:Dst text UUid:6db716d2-7d03-4121-9a09-1122e6348d81
06-18 18:41:14 com_github_MitjaNemec_ReplicateLayout.replicate_layout 985:Src text UUid:40732657-3a01-4722-8999-b21c45062192
06-18 18:41:14 com_github_MitjaNemec_ReplicateLayout.replicate_layout 986:Dst text UUid:06fd971a-09cd-40b0-aec3-3bec7002d2cd
06-18 18:41:14 com_github_MitjaNemec_ReplicateLayout.replicate_layout 985:Src text UUid:d605bbcb-26f8-4508-b228-2b2d6144a656
06-18 18:41:14 com_github_MitjaNemec_ReplicateLayout.replicate_layout 986:Dst text UUid:c06c1a68-f164-4295-a7ee-02774b02338f
06-18 18:41:14 com_github_MitjaNemec_ReplicateLayout.replicate_layout 985:Src text UUid:429fbff3-5f0b-4fbd-a49b-36c79193973e
06-18 18:41:14 com_github_MitjaNemec_ReplicateLayout.replicate_layout 986:Dst text UUid:ed212adb-e750-4a25-a7cc-42df84213261
06-18 18:41:14 com_github_MitjaNemec_ReplicateLayout.replicate_layout 985:Src text UUid:a0366011-6c38-42ae-8ec6-000c3b40b8b5
06-18 18:41:14 com_github_MitjaNemec_ReplicateLayout.replicate_layout 986:Dst text UUid:2992928e-b330-4d98-b14f-1b7c08d3defd
06-18 18:41:14 com_github_MitjaNemec_ReplicateLayout.replicate_layout 985:Src text UUid:a2a20bd0-814c-49a6-9486-b92e7e9d1980
06-18 18:41:14 com_github_MitjaNemec_ReplicateLayout.replicate_layout 986:Dst text UUid:d90f9106-f1c9-4ae8-bbf7-18cb9d916585
06-18 18:41:14 com_github_MitjaNemec_ReplicateLayout.replicate_layout 985:Src text UUid:9328a16d-0ca9-4021-a33c-e78426a6c98f
06-18 18:41:14 com_github_MitjaNemec_ReplicateLayout.replicate_layout 986:Dst text UUid:08260bd1-7ea7-4b71-9e29-b46a31e03c96
06-18 18:41:14 com_github_MitjaNemec_ReplicateLayout.replicate_layout 985:Src text UUid:be47c0ac-de14-4771-b6ef-e50a87379ce0
06-18 18:41:14 com_github_MitjaNemec_ReplicateLayout.replicate_layout 986:Dst text UUid:b9b6c47e-b347-4ad2-a833-96ed7f5972f1
06-18 18:41:14 com_github_MitjaNemec_ReplicateLayout.replicate_layout 985:Src text UUid:18777a06-23ca-4c27-af7f-a7ba377db846
06-18 18:41:14 com_github_MitjaNemec_ReplicateLayout.replicate_layout 986:Dst text UUid:d6039b0e-2299-4131-bd94-3c5963d95625
06-18 18:41:14 com_github_MitjaNemec_ReplicateLayout.replicate_layout 985:Src text UUid:8bed213a-5c12-4015-b8c4-ac573e4c9c51
06-18 18:41:14 com_github_MitjaNemec_ReplicateLayout.replicate_layout 986:Dst text UUid:c6766c43-5374-4bd7-bbad-1b1618288d37
06-18 18:41:14 com_github_MitjaNemec_ReplicateLayout.replicate_layout 985:Src text UUid:46154323-195c-46ef-b557-0c44d1e733fd
06-18 18:41:14 com_github_MitjaNemec_ReplicateLayout.replicate_layout 986:Dst text UUid:0557123f-7c12-47a7-aeb2-023770103ebf
06-18 18:41:14 com_github_MitjaNemec_ReplicateLayout.replicate_layout 985:Src text UUid:a7fb9a12-8705-4624-9d89-681520e9a1fa
06-18 18:41:14 com_github_MitjaNemec_ReplicateLayout.replicate_layout 986:Dst text UUid:4731a60e-4282-4934-b4e4-21f605718e31
06-18 18:41:14 com_github_MitjaNemec_ReplicateLayout.replicate_layout 985:Src text UUid:fe8bfb00-3ac7-4209-8964-21ef6b84f3ab
06-18 18:41:14 com_github_MitjaNemec_ReplicateLayout.replicate_layout 986:Dst text UUid:9941d85c-b139-41bd-ac7b-3f35808369f3
06-18 18:41:14 com_github_MitjaNemec_ReplicateLayout.replicate_layout 985:Src text UUid:2713ead9-85ae-40a9-a19c-a5360f492bc2
06-18 18:41:14 com_github_MitjaNemec_ReplicateLayout.replicate_layout 986:Dst text UUid:3a3175da-f60d-4a08-82df-a5aac23c01b6
06-18 18:41:14 com_github_MitjaNemec_ReplicateLayout.replicate_layout 985:Src text UUid:0ce4ad9b-a0f0-438d-93c6-8ffda060b46c
06-18 18:41:14 com_github_MitjaNemec_ReplicateLayout.replicate_layout 986:Dst text UUid:2e02ae33-af1d-470e-bb73-7c6ca60bcb1a
06-18 18:41:14 com_github_MitjaNemec_ReplicateLayout.replicate_layout 985:Src text UUid:57296a83-3b1d-465d-b006-7c0b070bce72
06-18 18:41:14 com_github_MitjaNemec_ReplicateLayout.replicate_layout 986:Dst text UUid:d2e5ef35-e1cd-43a0-a122-f82ad52382ce
06-18 18:41:14 com_github_MitjaNemec_ReplicateLayout.replicate_layout 985:Src text UUid:572ba773-68eb-4f94-8703-56195f4c8e27
06-18 18:41:14 com_github_MitjaNemec_ReplicateLayout.replicate_layout 986:Dst text UUid:17cebd19-f19e-4867-b234-c975aad5b85a
06-18 18:41:14 com_github_MitjaNemec_ReplicateLayout.replicate_layout 985:Src text UUid:b4bc2a55-dd19-4046-a65b-f8685a191b60
06-18 18:41:14 com_github_MitjaNemec_ReplicateLayout.replicate_layout 986:Dst text UUid:f94efb36-85f7-4c12-8196-c96ddd207e84
06-18 18:41:14 com_github_MitjaNemec_ReplicateLayout.replicate_layout 985:Src text UUid:1fe4c370-1f58-4fdb-9619-03a07567b287
06-18 18:41:14 com_github_MitjaNemec_ReplicateLayout.replicate_layout 986:Dst text UUid:ba035f70-b121-4a27-9734-dd8959541527
06-18 18:41:14 com_github_MitjaNemec_ReplicateLayout.replicate_layout 985:Src text UUid:090ec407-6b4b-42f7-b250-0f673cdd7818
06-18 18:41:14 com_github_MitjaNemec_ReplicateLayout.replicate_layout 986:Dst text UUid:c633c174-432d-422d-83ef-810e08a77298
06-18 18:41:14 com_github_MitjaNemec_ReplicateLayout.replicate_layout 985:Src text UUid:199ce05a-1e57-4ff3-9e20-d8cc9f89ab9f
06-18 18:41:14 com_github_MitjaNemec_ReplicateLayout.replicate_layout 986:Dst text UUid:8e2e00ff-b3af-420b-8c7e-6ca2da273101
06-18 18:41:14 com_github_MitjaNemec_ReplicateLayout.replicate_layout 985:Src text UUid:7c51952f-c4aa-42a7-9f3b-7a1e04debacd
06-18 18:41:14 com_github_MitjaNemec_ReplicateLayout.replicate_layout 986:Dst text UUid:953a258d-eb09-4697-af9a-28b71b23d3b6
06-18 18:41:14 com_github_MitjaNemec_ReplicateLayout.replicate_layout 985:Src text UUid:d311cf92-e2ed-48cd-842a-bd26a12f2eae
06-18 18:41:14 com_github_MitjaNemec_ReplicateLayout.replicate_layout 986:Dst text UUid:5135e776-5553-46bd-afed-8f163f25377c
06-18 18:41:14 com_github_MitjaNemec_ReplicateLayout.replicate_layout 985:Src text UUid:7d45f47e-1caf-4acb-913d-f6e49b91fca4
06-18 18:41:14 com_github_MitjaNemec_ReplicateLayout.replicate_layout 986:Dst text UUid:e90c7080-ca34-4d95-a52a-e81d136b1524
06-18 18:41:14 com_github_MitjaNemec_ReplicateLayout.replicate_layout 985:Src text UUid:c1efcade-2162-416d-b2df-ae85144aaf98
06-18 18:41:14 com_github_MitjaNemec_ReplicateLayout.replicate_layout 986:Dst text UUid:f61922b3-738f-4bf8-a15f-caf97121d346
06-18 18:41:14 com_github_MitjaNemec_ReplicateLayout.replicate_layout 985:Src text UUid:fc5ebb5b-b721-46e9-b067-915f5f87f665
06-18 18:41:14 com_github_MitjaNemec_ReplicateLayout.replicate_layout 986:Dst text UUid:6e07773c-c879-4603-b115-7a028c17cb34
06-18 18:41:14 com_github_MitjaNemec_ReplicateLayout.replicate_layout 985:Src text UUid:b5ed4a3b-8abd-4a2c-a0ab-c12f67a33abb
06-18 18:41:14 com_github_MitjaNemec_ReplicateLayout.replicate_layout 986:Dst text UUid:bcf33f9b-b649-4b18-bb4d-03beb7457850
06-18 18:41:14 com_github_MitjaNemec_ReplicateLayout.replicate_layout 985:Src text UUid:3e119506-be40-41d8-a977-20c775c073fd
06-18 18:41:14 com_github_MitjaNemec_ReplicateLayout.replicate_layout 986:Dst text UUid:76ac6927-a10e-4e60-b637-5314b951adba
06-18 18:41:14 com_github_MitjaNemec_ReplicateLayout.replicate_layout 985:Src text UUid:bd74b0b6-ddd9-4f59-9652-2faf943df77e
06-18 18:41:14 com_github_MitjaNemec_ReplicateLayout.replicate_layout 986:Dst text UUid:31b30bfe-f22a-4fb8-b532-086ff154667c
06-18 18:41:14 com_github_MitjaNemec_ReplicateLayout.replicate_layout 985:Src text UUid:bb07ab6c-5b1f-4c5e-961f-04c639dc53b4
06-18 18:41:14 com_github_MitjaNemec_ReplicateLayout.replicate_layout 986:Dst text UUid:2f0d111d-8c34-4b65-bea3-f5bc42af21bb
06-18 18:41:14 com_github_MitjaNemec_ReplicateLayout.replicate_layout 985:Src text UUid:b3dce547-9723-45a8-bb86-cb06dcd427bc
06-18 18:41:14 com_github_MitjaNemec_ReplicateLayout.replicate_layout 986:Dst text UUid:5cfafe2e-7ba8-4401-94d8-a318aae8fc36
06-18 18:41:14 com_github_MitjaNemec_ReplicateLayout.replicate_layout 985:Src text UUid:4d0e4ba3-e81b-4217-9fb1-64d1bc5af578
06-18 18:41:14 com_github_MitjaNemec_ReplicateLayout.replicate_layout 986:Dst text UUid:d67e7e5b-c41a-467d-856b-04ca6537f2a1
06-18 18:41:14 com_github_MitjaNemec_ReplicateLayout.replicate_layout 985:Src text UUid:bebffa00-f448-48b9-aaac-11569140a4e8
06-18 18:41:14 com_github_MitjaNemec_ReplicateLayout.replicate_layout 986:Dst text UUid:38079bd5-7d4c-401c-91ad-6997c50651be
06-18 18:41:14 com_github_MitjaNemec_ReplicateLayout.replicate_layout 985:Src text UUid:f2493fb5-a3eb-4b25-9416-4614e3bcadcf
06-18 18:41:14 com_github_MitjaNemec_ReplicateLayout.replicate_layout 986:Dst text UUid:86bed56c-f631-4975-8eb3-b4b70053bf16
06-18 18:41:14 com_github_MitjaNemec_ReplicateLayout.replicate_layout 985:Src text UUid:da495c91-6968-4d27-9fcd-26e29f778042
06-18 18:41:14 com_github_MitjaNemec_ReplicateLayout.replicate_layout 986:Dst text UUid:00ed922a-7eb6-45ca-8097-c42a37a1f1bf
06-18 18:41:14 com_github_MitjaNemec_ReplicateLayout.replicate_layout 985:Src text UUid:971aedc6-3332-4aef-bfc8-08cdce192fa5
06-18 18:41:14 com_github_MitjaNemec_ReplicateLayout.replicate_layout 986:Dst text UUid:8734d214-ca43-430d-bf94-88fee4f736a4
06-18 18:41:14 com_github_MitjaNemec_ReplicateLayout.replicate_layout 985:Src text UUid:a1e544c6-9055-4df8-b545-a3bf75023005
06-18 18:41:14 com_github_MitjaNemec_ReplicateLayout.replicate_layout 986:Dst text UUid:25d0482a-c174-461b-baea-b24ac8ec3be2
06-18 18:41:14 com_github_MitjaNemec_ReplicateLayout.replicate_layout 985:Src text UUid:9142bdcf-8fa3-4285-a163-b0cf569f0415
06-18 18:41:14 com_github_MitjaNemec_ReplicateLayout.replicate_layout 986:Dst text UUid:610caedf-048d-441b-a5b0-790f7f8e2bda
06-18 18:41:14 com_github_MitjaNemec_ReplicateLayout.replicate_layout 985:Src text UUid:262618d0-c666-4e27-97cb-fc364c17b9c7
06-18 18:41:14 com_github_MitjaNemec_ReplicateLayout.replicate_layout 986:Dst text UUid:aac32648-fcd9-4f6b-b982-c747a4d9c5e6
06-18 18:41:14 com_github_MitjaNemec_ReplicateLayout.replicate_layout 985:Src text UUid:13d39f7c-de63-4a6c-a8f8-3dda53fb8cb8
06-18 18:41:14 com_github_MitjaNemec_ReplicateLayout.replicate_layout 986:Dst text UUid:18e3162a-0faa-484f-849a-53323a120c35
06-18 18:41:14 com_github_MitjaNemec_ReplicateLayout.replicate_layout 985:Src text UUid:a6342a32-f9ef-4f25-aed2-728409d33eee
06-18 18:41:14 com_github_MitjaNemec_ReplicateLayout.replicate_layout 986:Dst text UUid:6f4c5998-1ccd-4c80-9d5b-f9981f255ac2
06-18 18:41:14 com_github_MitjaNemec_ReplicateLayout.replicate_layout 328:Removing tracks and zones, after footprint placement
06-18 18:41:14 root 332:updating GUI message: 'Removing zones and tracks'
06-18 18:41:14 com_github_MitjaNemec_ReplicateLayout.replicate_layout 1277:Remove bounding box top:26680000, bottom:119125001, Left:81650000, Right:116635000
06-18 18:41:14 root 337:updating GUI with: 50
06-18 18:41:14 com_github_MitjaNemec_ReplicateLayout.replicate_layout 1277:Remove bounding box top:26625000, bottom:119070001, Left:118655000, Right:153640000
06-18 18:41:14 root 332:updating GUI message: 'Replicating tracks'
06-18 18:41:14 root 337:updating GUI with: 0
06-18 18:41:14 com_github_MitjaNemec_ReplicateLayout.replicate_layout 1009:Replicating tracks
06-18 18:41:14 com_github_MitjaNemec_ReplicateLayout.replicate_layout 1015:Replicating tracks on sheet ['xESC1']
06-18 18:41:14 com_github_MitjaNemec_ReplicateLayout.replicate_layout 792:Net pairs for sheet ['xESC1'] :[('GND', 'GND'), ('/UART1.TX', '/UART2.TX'), ('/xESC/5V', '/xESC1/5V'), ('Net-(U8-MOSI{slash}TX)', 'Net-(U9-MOSI{slash}TX)'), ('unconnected-(U8-CAN_L-Pad1)', 'unconnected-(U9-CAN_L-Pad1)'), ('/xESC/PHASE.V', '/xESC1/PHASE.V'), ('/xESC/PHASE.U', '/xESC1/PHASE.U'), ('Net-(D36-K)', 'Net-(D37-K)'), ('/xESC/PHASE.W', '/xESC1/PHASE.W'), ('Net-(D31-K)', 'Net-(D32-K)'), ('/UART1.RX', '/UART2.RX'), ('/xESC/Temperature', '/xESC1/Temperature'), ('Net-(U28-~{SHDN})', 'Net-(U29-~{SHDN})'), ('/xESC/HALL_SENSOR.U', '/xESC1/HALL_SENSOR.U'), ('/V_BATTERY', '/V_BATTERY'), ('Net-(U28-FB)', 'Net-(U29-FB)'), ('Net-(D22-K)', 'Net-(D27-K)'), ('unconnected-(U8-SCK-Pad13)', 'unconnected-(U9-SCK-Pad13)'), ('/subpcb_logic/AGPIO1', '/subpcb_logic/AGPIO2'), ('/5V', '/5V'), ('/xESC/HALL_SENSOR.V', '/xESC1/HALL_SENSOR.V'), ('/xESC/HALL_SENSOR.W', '/xESC1/HALL_SENSOR.W'), ('unconnected-(U8-CAN_H-Pad2)', 'unconnected-(U9-CAN_H-Pad2)'), ('Net-(U28-CB)', 'Net-(U29-CB)')]
06-18 18:41:14 root 337:updating GUI with: 2
06-18 18:41:14 root 337:updating GUI with: 4
06-18 18:41:14 root 337:updating GUI with: 6
06-18 18:41:14 root 337:updating GUI with: 7
06-18 18:41:14 root 337:updating GUI with: 9
06-18 18:41:14 root 337:updating GUI with: 11
06-18 18:41:14 root 337:updating GUI with: 12
06-18 18:41:14 root 337:updating GUI with: 14
06-18 18:41:14 root 337:updating GUI with: 16
06-18 18:41:14 root 337:updating GUI with: 18
06-18 18:41:14 root 337:updating GUI with: 20
06-18 18:41:14 root 337:updating GUI with: 22
06-18 18:41:14 root 337:updating GUI with: 23
06-18 18:41:15 root 337:updating GUI with: 26
06-18 18:41:15 root 337:updating GUI with: 27
06-18 18:41:15 root 337:updating GUI with: 29
06-18 18:41:15 root 337:updating GUI with: 30
06-18 18:41:15 root 337:updating GUI with: 32
06-18 18:41:15 root 337:updating GUI with: 34
06-18 18:41:15 root 337:updating GUI with: 36
06-18 18:41:15 root 337:updating GUI with: 38
06-18 18:41:15 root 337:updating GUI with: 40
06-18 18:41:15 root 337:updating GUI with: 42
06-18 18:41:15 root 337:updating GUI with: 44
06-18 18:41:15 root 337:updating GUI with: 46
06-18 18:41:15 root 337:updating GUI with: 48
06-18 18:41:15 com_github_MitjaNemec_ReplicateLayout.replicate_layout 1015:Replicating tracks on sheet ['xESC2']
06-18 18:41:15 com_github_MitjaNemec_ReplicateLayout.replicate_layout 792:Net pairs for sheet ['xESC2'] :[('GND', 'GND'), ('/xESC/HALL_SENSOR.W', '/xESC2/HALL_SENSOR.W'), ('Net-(D31-K)', 'Net-(D33-K)'), ('Net-(U8-MOSI{slash}TX)', 'Net-(U10-MOSI{slash}TX)'), ('/xESC/5V', '/xESC2/5V'), ('unconnected-(U8-CAN_H-Pad2)', 'unconnected-(U10-CAN_H-Pad2)'), ('/xESC/Temperature', '/xESC2/Temperature'), ('/xESC/PHASE.V', '/xESC2/PHASE.V'), ('/xESC/PHASE.W', '/xESC2/PHASE.W'), ('Net-(D36-K)', 'Net-(D38-K)'), ('unconnected-(U8-SCK-Pad13)', 'unconnected-(U10-SCK-Pad13)'), ('/subpcb_logic/AGPIO1', '/subpcb_logic/AGPIO3'), ('Net-(U28-FB)', 'Net-(U47-FB)'), ('/V_BATTERY', '/V_BATTERY'), ('/xESC/PHASE.U', '/xESC2/PHASE.U'), ('/UART1.TX', '/UART4.TX'), ('/xESC/HALL_SENSOR.V', '/xESC2/HALL_SENSOR.V'), ('Net-(U28-~{SHDN})', 'Net-(U47-~{SHDN})'), ('Net-(U28-CB)', 'Net-(U47-CB)'), ('/UART1.RX', '/UART4.RX'), ('Net-(D22-K)', 'Net-(D30-K)'), ('/5V', '/5V'), ('unconnected-(U8-CAN_L-Pad1)', 'unconnected-(U10-CAN_L-Pad1)'), ('/xESC/HALL_SENSOR.U', '/xESC2/HALL_SENSOR.U')]
06-18 18:41:15 root 337:updating GUI with: 50
06-18 18:41:15 root 337:updating GUI with: 52
06-18 18:41:15 root 337:updating GUI with: 54
06-18 18:41:15 root 337:updating GUI with: 56
06-18 18:41:15 root 337:updating GUI with: 58
06-18 18:41:15 root 337:updating GUI with: 60
06-18 18:41:15 root 337:updating GUI with: 62
06-18 18:41:15 root 337:updating GUI with: 63
06-18 18:41:15 root 337:updating GUI with: 65
06-18 18:41:15 root 337:updating GUI with: 67
06-18 18:41:15 root 337:updating GUI with: 69
06-18 18:41:15 root 337:updating GUI with: 71
06-18 18:41:15 root 337:updating GUI with: 73
06-18 18:41:15 root 337:updating GUI with: 75
06-18 18:41:15 root 337:updating GUI with: 76
06-18 18:41:15 root 337:updating GUI with: 78
06-18 18:41:15 root 337:updating GUI with: 80
06-18 18:41:15 root 337:updating GUI with: 82
06-18 18:41:15 root 337:updating GUI with: 84
06-18 18:41:15 root 337:updating GUI with: 86
06-18 18:41:15 root 337:updating GUI with: 88
06-18 18:41:15 root 337:updating GUI with: 90
06-18 18:41:15 root 337:updating GUI with: 92
06-18 18:41:15 root 337:updating GUI with: 94
06-18 18:41:15 root 337:updating GUI with: 96
06-18 18:41:15 root 337:updating GUI with: 98
06-18 18:41:15 root 332:updating GUI message: 'Replicating zones'
06-18 18:41:15 com_github_MitjaNemec_ReplicateLayout.replicate_layout 1079:Replicating zones
06-18 18:41:15 root 337:updating GUI with: 0
06-18 18:41:15 com_github_MitjaNemec_ReplicateLayout.replicate_layout 1086:Replicating zones on sheet ['xESC1']
06-18 18:41:15 com_github_MitjaNemec_ReplicateLayout.replicate_layout 792:Net pairs for sheet ['xESC1'] :[('GND', 'GND'), ('/UART1.TX', '/UART2.TX'), ('/xESC/5V', '/xESC1/5V'), ('Net-(U8-MOSI{slash}TX)', 'Net-(U9-MOSI{slash}TX)'), ('unconnected-(U8-CAN_L-Pad1)', 'unconnected-(U9-CAN_L-Pad1)'), ('/xESC/PHASE.V', '/xESC1/PHASE.V'), ('/xESC/PHASE.U', '/xESC1/PHASE.U'), ('Net-(D36-K)', 'Net-(D37-K)'), ('/xESC/PHASE.W', '/xESC1/PHASE.W'), ('Net-(D31-K)', 'Net-(D32-K)'), ('/UART1.RX', '/UART2.RX'), ('/xESC/Temperature', '/xESC1/Temperature'), ('Net-(U28-~{SHDN})', 'Net-(U29-~{SHDN})'), ('/xESC/HALL_SENSOR.U', '/xESC1/HALL_SENSOR.U'), ('/V_BATTERY', '/V_BATTERY'), ('Net-(U28-FB)', 'Net-(U29-FB)'), ('Net-(D22-K)', 'Net-(D27-K)'), ('unconnected-(U8-SCK-Pad13)', 'unconnected-(U9-SCK-Pad13)'), ('/subpcb_logic/AGPIO1', '/subpcb_logic/AGPIO2'), ('/5V', '/5V'), ('/xESC/HALL_SENSOR.V', '/xESC1/HALL_SENSOR.V'), ('/xESC/HALL_SENSOR.W', '/xESC1/HALL_SENSOR.W'), ('unconnected-(U8-CAN_H-Pad2)', 'unconnected-(U9-CAN_H-Pad2)'), ('Net-(U28-CB)', 'Net-(U29-CB)')]
06-18 18:41:15 com_github_MitjaNemec_ReplicateLayout.replicate_layout 1086:Replicating zones on sheet ['xESC2']
06-18 18:41:15 com_github_MitjaNemec_ReplicateLayout.replicate_layout 792:Net pairs for sheet ['xESC2'] :[('GND', 'GND'), ('/xESC/HALL_SENSOR.W', '/xESC2/HALL_SENSOR.W'), ('Net-(D31-K)', 'Net-(D33-K)'), ('Net-(U8-MOSI{slash}TX)', 'Net-(U10-MOSI{slash}TX)'), ('/xESC/5V', '/xESC2/5V'), ('unconnected-(U8-CAN_H-Pad2)', 'unconnected-(U10-CAN_H-Pad2)'), ('/xESC/Temperature', '/xESC2/Temperature'), ('/xESC/PHASE.V', '/xESC2/PHASE.V'), ('/xESC/PHASE.W', '/xESC2/PHASE.W'), ('Net-(D36-K)', 'Net-(D38-K)'), ('unconnected-(U8-SCK-Pad13)', 'unconnected-(U10-SCK-Pad13)'), ('/subpcb_logic/AGPIO1', '/subpcb_logic/AGPIO3'), ('Net-(U28-FB)', 'Net-(U47-FB)'), ('/V_BATTERY', '/V_BATTERY'), ('/xESC/PHASE.U', '/xESC2/PHASE.U'), ('/UART1.TX', '/UART4.TX'), ('/xESC/HALL_SENSOR.V', '/xESC2/HALL_SENSOR.V'), ('Net-(U28-~{SHDN})', 'Net-(U47-~{SHDN})'), ('Net-(U28-CB)', 'Net-(U47-CB)'), ('/UART1.RX', '/UART4.RX'), ('Net-(D22-K)', 'Net-(D30-K)'), ('/5V', '/5V'), ('unconnected-(U8-CAN_L-Pad1)', 'unconnected-(U10-CAN_L-Pad1)'), ('/xESC/HALL_SENSOR.U', '/xESC2/HALL_SENSOR.U')]
06-18 18:41:15 root 337:updating GUI with: 60
06-18 18:41:15 root 332:updating GUI message: 'Replicating text'
06-18 18:41:15 com_github_MitjaNemec_ReplicateLayout.replicate_layout 1168:Replicating text
06-18 18:41:15 root 337:updating GUI with: 0
06-18 18:41:15 com_github_MitjaNemec_ReplicateLayout.replicate_layout 1175:Replicating text on sheet ['xESC1']
06-18 18:41:15 com_github_MitjaNemec_ReplicateLayout.replicate_layout 1175:Replicating text on sheet ['xESC2']
06-18 18:41:15 root 332:updating GUI message: 'Replicating drawings'
06-18 18:41:15 com_github_MitjaNemec_ReplicateLayout.replicate_layout 1219:Replicating drawings
06-18 18:41:15 com_github_MitjaNemec_ReplicateLayout.replicate_layout 1225:Replicating drawings on sheet ['xESC1']
06-18 18:41:15 com_github_MitjaNemec_ReplicateLayout.replicate_layout 1225:Replicating drawings on sheet ['xESC2']
06-18 18:41:15 root 332:updating GUI message: 'Removing duplicates'
06-18 18:41:17 com_github_MitjaNemec_ReplicateLayout.action_replicate_layout 256:Replication complete
